{"meta": {"format": 3, "version": "7.13.5", "timestamp": "2026-04-23T17:01:54.789949", "branch_coverage": false, "show_contexts": false}, "files": {"src/tagmania/__init__.py": {"executed_lines": [40, 41, 42], "summary": {"covered_lines": 3, "num_statements": 3, "percent_covered": 100.0, "percent_covered_display": "100", "missing_lines": 0, "excluded_lines": 0, "percent_statements_covered": 100.0, "percent_statements_covered_display": "100"}, "missing_lines": [], "excluded_lines": [], "functions": {"": {"executed_lines": [40, 41, 42], "summary": {"covered_lines": 3, "num_statements": 3, "percent_covered": 100.0, "percent_covered_display": "100", "missing_lines": 0, "excluded_lines": 0, "percent_statements_covered": 100.0, "percent_statements_covered_display": "100"}, "missing_lines": [], "excluded_lines": [], "start_line": 1}}, "classes": {"": {"executed_lines": [40, 41, 42], "summary": {"covered_lines": 3, "num_statements": 3, "percent_covered": 100.0, "percent_covered_display": "100", "missing_lines": 0, "excluded_lines": 0, "percent_statements_covered": 100.0, "percent_statements_covered_display": "100"}, "missing_lines": [], "excluded_lines": [], "start_line": 1}}}, "src/tagmania/delete_snapshots.py": {"executed_lines": [], "summary": {"covered_lines": 0, "num_statements": 13, "percent_covered": 0.0, "percent_covered_display": "0", "missing_lines": 13, "excluded_lines": 0, "percent_statements_covered": 0.0, "percent_statements_covered_display": "0"}, "missing_lines": [1, 3, 6, 7, 13, 14, 20, 21, 23, 24, 27, 30, 31], "excluded_lines": [], "functions": {"main": {"executed_lines": [], "summary": {"covered_lines": 0, "num_statements": 8, "percent_covered": 0.0, "percent_covered_display": "0", "missing_lines": 8, "excluded_lines": 0, "percent_statements_covered": 0.0, "percent_statements_covered_display": "0"}, "missing_lines": [7, 13, 14, 20, 21, 23, 24, 27], "excluded_lines": [], "start_line": 6}, "": {"executed_lines": [], "summary": {"covered_lines": 0, "num_statements": 5, "percent_covered": 0.0, "percent_covered_display": "0", "missing_lines": 5, "excluded_lines": 0, "percent_statements_covered": 0.0, "percent_statements_covered_display": "0"}, "missing_lines": [1, 3, 6, 30, 31], "excluded_lines": [], "start_line": 1}}, "classes": {"": {"executed_lines": [], "summary": {"covered_lines": 0, "num_statements": 13, "percent_covered": 0.0, "percent_covered_display": "0", "missing_lines": 13, "excluded_lines": 0, "percent_statements_covered": 0.0, "percent_statements_covered_display": "0"}, "missing_lines": [1, 3, 6, 7, 13, 14, 20, 21, 23, 24, 27, 30, 31], "excluded_lines": [], "start_line": 1}}}, "src/tagmania/delete_volumes.py": {"executed_lines": [1, 3, 4, 7, 8, 14, 15, 24, 33, 41, 42, 44, 45, 46, 48, 49, 50, 51, 53, 54, 55, 56, 57, 58, 60, 61, 63, 64, 65, 66, 68, 69, 70, 71, 73, 74, 75, 76, 78, 79, 80, 81, 83, 86], "summary": {"covered_lines": 44, "num_statements": 45, "percent_covered": 97.77777777777777, "percent_covered_display": "98", "missing_lines": 1, "excluded_lines": 0, "percent_statements_covered": 97.77777777777777, "percent_statements_covered_display": "98"}, "missing_lines": [87], "excluded_lines": [], "functions": {"main": {"executed_lines": [8, 14, 15, 24, 33, 41, 42, 44, 45, 46, 48, 49, 50, 51, 53, 54, 55, 56, 57, 58, 60, 61, 63, 64, 65, 66, 68, 69, 70, 71, 73, 74, 75, 76, 78, 79, 80, 81, 83], "summary": {"covered_lines": 39, "num_statements": 39, "percent_covered": 100.0, "percent_covered_display": "100", "missing_lines": 0, "excluded_lines": 0, "percent_statements_covered": 100.0, "percent_statements_covered_display": "100"}, "missing_lines": [], "excluded_lines": [], "start_line": 7}, "": {"executed_lines": [1, 3, 4, 7, 86], "summary": {"covered_lines": 5, "num_statements": 6, "percent_covered": 83.33333333333333, "percent_covered_display": "83", "missing_lines": 1, "excluded_lines": 0, "percent_statements_covered": 83.33333333333333, "percent_statements_covered_display": "83"}, "missing_lines": [87], "excluded_lines": [], "start_line": 1}}, "classes": {"": {"executed_lines": [1, 3, 4, 7, 8, 14, 15, 24, 33, 41, 42, 44, 45, 46, 48, 49, 50, 51, 53, 54, 55, 56, 57, 58, 60, 61, 63, 64, 65, 66, 68, 69, 70, 71, 73, 74, 75, 76, 78, 79, 80, 81, 83, 86], "summary": {"covered_lines": 44, "num_statements": 45, "percent_covered": 97.77777777777777, "percent_covered_display": "98", "missing_lines": 1, "excluded_lines": 0, "percent_statements_covered": 97.77777777777777, "percent_statements_covered_display": "98"}, "missing_lines": [87], "excluded_lines": [], "start_line": 1}}}, "src/tagmania/iac_tools/__init__.py": {"executed_lines": [18, 19, 20, 22], "summary": {"covered_lines": 4, "num_statements": 4, "percent_covered": 100.0, "percent_covered_display": "100", "missing_lines": 0, "excluded_lines": 0, "percent_statements_covered": 100.0, "percent_statements_covered_display": "100"}, "missing_lines": [], "excluded_lines": [], "functions": {"": {"executed_lines": [18, 19, 20, 22], "summary": {"covered_lines": 4, "num_statements": 4, "percent_covered": 100.0, "percent_covered_display": "100", "missing_lines": 0, "excluded_lines": 0, "percent_statements_covered": 100.0, "percent_statements_covered_display": "100"}, "missing_lines": [], "excluded_lines": [], "start_line": 1}}, "classes": {"": {"executed_lines": [18, 19, 20, 22], "summary": {"covered_lines": 4, "num_statements": 4, "percent_covered": 100.0, "percent_covered_display": "100", "missing_lines": 0, "excluded_lines": 0, "percent_statements_covered": 100.0, "percent_statements_covered_display": "100"}, "missing_lines": [], "excluded_lines": [], "start_line": 1}}}, "src/tagmania/iac_tools/clusterset.py": {"executed_lines": [44, 46, 47, 48, 49, 50, 52, 54, 55, 56, 59, 78, 114, 117, 121, 123, 128, 133, 134, 135, 138, 139, 140, 142, 145, 146, 148, 149, 151, 152, 153, 155, 157, 159, 161, 162, 167, 169, 170, 175, 198, 199, 201, 205, 206, 207, 209, 218, 219, 221, 225, 226, 227, 228, 231, 233, 234, 235, 236, 238, 240, 249, 250, 252, 256, 257, 258, 259, 261, 262, 263, 264, 266, 268, 278, 279, 281, 282, 283, 284, 286, 296, 297, 299, 300, 301, 302, 303, 306, 308, 309, 310, 311, 313, 315, 324, 325, 327, 328, 329, 330, 332, 341, 342, 344, 345, 346, 347, 348, 351, 353, 354, 355, 356, 358, 360, 378, 379, 380, 381, 384, 385, 386, 387, 389, 390, 392, 401, 402, 403, 404, 407, 408, 409, 410, 412, 413, 415, 425, 435, 444, 445, 453, 454, 455, 456, 458, 486, 495, 496, 501, 507, 508, 509, 510, 511, 513, 522, 523, 527, 536, 537, 538, 539, 540, 541, 542, 543, 545, 546, 547, 548, 549, 555, 556, 558, 567, 568, 569, 571, 574, 575, 578, 579, 580, 581, 585, 590, 592, 593, 594, 595, 596, 597, 598, 599, 601, 602, 608, 610, 611, 612, 613, 615, 624, 625, 632, 633, 636, 637, 638, 639, 640, 642, 643, 645, 674, 683, 685, 687, 688, 689, 690, 691, 692, 693, 694, 695, 696, 698, 699, 700, 702, 708, 718, 729, 730, 731, 739, 743, 744, 745, 749, 750, 753, 762, 763, 766, 768, 770, 771, 772, 773, 774, 776, 785, 786, 790, 791, 793, 795, 796, 797, 799, 800, 801, 803, 804, 805, 806, 808, 809, 810, 811, 812, 813, 814, 815, 817, 818, 819, 823, 825, 826, 827, 835, 844, 845, 846, 848, 849, 850, 851, 854, 856, 862, 872, 891, 896, 901, 911, 912, 914, 915, 916, 917, 919, 920, 921, 922, 923, 924, 925, 926, 928, 929, 931, 933, 942, 943, 944, 946, 947, 950, 951, 952, 953, 955, 956, 958, 967, 968, 969, 971, 972, 975, 976, 977, 978, 980, 981, 983, 992, 993, 994, 996, 1001, 1003, 1004, 1005, 1006, 1007, 1008, 1009, 1010, 1011, 1013, 1014, 1015, 1017, 1026, 1028, 1029, 1031, 1032, 1033, 1034, 1035, 1036, 1037, 1039, 1040, 1041, 1042, 1043, 1047, 1050, 1051, 1052, 1053, 1054, 1056, 1057, 1059, 1069, 1070, 1072, 1073, 1074, 1075, 1077, 1080, 1085, 1087, 1088, 1089, 1090, 1091, 1093, 1098, 1099, 1100, 1101, 1102, 1103, 1107, 1113, 1115, 1116, 1117, 1118, 1119, 1120, 1121, 1122, 1124, 1125, 1131, 1134, 1135, 1136, 1137, 1139, 1149, 1150, 1151, 1153, 1157, 1161, 1162, 1163, 1164, 1165, 1166, 1167, 1168, 1170, 1171, 1172, 1173, 1175, 1179, 1180], "summary": {"covered_lines": 443, "num_statements": 524, "percent_covered": 84.54198473282443, "percent_covered_display": "85", "missing_lines": 81, "excluded_lines": 0, "percent_statements_covered": 84.54198473282443, "percent_statements_covered_display": "85"}, "missing_lines": [420, 421, 422, 423, 428, 429, 430, 431, 432, 433, 467, 468, 482, 483, 484, 552, 572, 582, 586, 634, 654, 661, 662, 663, 665, 666, 667, 668, 669, 671, 672, 703, 704, 705, 706, 709, 710, 711, 712, 713, 716, 751, 792, 857, 858, 859, 860, 863, 864, 865, 866, 867, 870, 881, 882, 883, 884, 885, 887, 888, 889, 892, 893, 894, 897, 898, 899, 997, 998, 1044, 1045, 1048, 1081, 1082, 1094, 1095, 1104, 1108, 1154, 1155, 1176], "excluded_lines": [], "functions": {"ClusterSet.__init__": {"executed_lines": [114, 117, 121, 123, 128, 133, 134, 135, 138, 139, 140, 142, 145, 146], "summary": {"covered_lines": 14, "num_statements": 14, "percent_covered": 100.0, "percent_covered_display": "100", "missing_lines": 0, "excluded_lines": 0, "percent_statements_covered": 100.0, "percent_statements_covered_display": "100"}, "missing_lines": [], "excluded_lines": [], "start_line": 78}, "ClusterSet._cluster_name_str": {"executed_lines": [151, 152, 153], "summary": {"covered_lines": 3, "num_statements": 3, "percent_covered": 100.0, "percent_covered_display": "100", "missing_lines": 0, "excluded_lines": 0, "percent_statements_covered": 100.0, "percent_statements_covered_display": "100"}, "missing_lines": [], "excluded_lines": [], "start_line": 149}, "ClusterSet.get_cluster_filter": {"executed_lines": [157], "summary": {"covered_lines": 1, "num_statements": 1, "percent_covered": 100.0, "percent_covered_display": "100", "missing_lines": 0, "excluded_lines": 0, "percent_statements_covered": 100.0, "percent_statements_covered_display": "100"}, "missing_lines": [], "excluded_lines": [], "start_line": 155}, "ClusterSet._wait_instances_running": {"executed_lines": [161, 162], "summary": {"covered_lines": 2, "num_statements": 2, "percent_covered": 100.0, "percent_covered_display": "100", "missing_lines": 0, "excluded_lines": 0, "percent_statements_covered": 100.0, "percent_statements_covered_display": "100"}, "missing_lines": [], "excluded_lines": [], "start_line": 159}, "ClusterSet._wait_instances_stopped": {"executed_lines": [169, 170], "summary": {"covered_lines": 2, "num_statements": 2, "percent_covered": 100.0, "percent_covered_display": "100", "missing_lines": 0, "excluded_lines": 0, "percent_statements_covered": 100.0, "percent_statements_covered_display": "100"}, "missing_lines": [], "excluded_lines": [], "start_line": 167}, "ClusterSet.get_instances": {"executed_lines": [198, 199, 201, 205, 206, 207], "summary": {"covered_lines": 6, "num_statements": 6, "percent_covered": 100.0, "percent_covered_display": "100", "missing_lines": 0, "excluded_lines": 0, "percent_statements_covered": 100.0, "percent_statements_covered_display": "100"}, "missing_lines": [], "excluded_lines": [], "start_line": 175}, "ClusterSet.get_deployed_clusters": {"executed_lines": [218, 219, 221, 225, 226, 227, 228, 231, 233, 234, 235, 236, 238], "summary": {"covered_lines": 13, "num_statements": 13, "percent_covered": 100.0, "percent_covered_display": "100", "missing_lines": 0, "excluded_lines": 0, "percent_statements_covered": 100.0, "percent_statements_covered_display": "100"}, "missing_lines": [], "excluded_lines": [], "start_line": 209}, "ClusterSet.get_deployed_cluster_names": {"executed_lines": [249, 250, 252, 256, 257, 258, 259, 261, 262, 263, 264, 266], "summary": {"covered_lines": 12, "num_statements": 12, "percent_covered": 100.0, "percent_covered_display": "100", "missing_lines": 0, "excluded_lines": 0, "percent_statements_covered": 100.0, "percent_statements_covered_display": "100"}, "missing_lines": [], "excluded_lines": [], "start_line": 240}, "ClusterSet.get_running_instances": {"executed_lines": [278, 279, 281, 282, 283, 284], "summary": {"covered_lines": 6, "num_statements": 6, "percent_covered": 100.0, "percent_covered_display": "100", "missing_lines": 0, "excluded_lines": 0, "percent_statements_covered": 100.0, "percent_statements_covered_display": "100"}, "missing_lines": [], "excluded_lines": [], "start_line": 268}, "ClusterSet.get_running_clusters": {"executed_lines": [296, 297, 299, 300, 301, 302, 303, 306, 308, 309, 310, 311, 313], "summary": {"covered_lines": 13, "num_statements": 13, "percent_covered": 100.0, "percent_covered_display": "100", "missing_lines": 0, "excluded_lines": 0, "percent_statements_covered": 100.0, "percent_statements_covered_display": "100"}, "missing_lines": [], "excluded_lines": [], "start_line": 286}, "ClusterSet.get_stopped_instances": {"executed_lines": [324, 325, 327, 328, 329, 330], "summary": {"covered_lines": 6, "num_statements": 6, "percent_covered": 100.0, "percent_covered_display": "100", "missing_lines": 0, "excluded_lines": 0, "percent_statements_covered": 100.0, "percent_statements_covered_display": "100"}, "missing_lines": [], "excluded_lines": [], "start_line": 315}, "ClusterSet.get_stopped_clusters": {"executed_lines": [341, 342, 344, 345, 346, 347, 348, 351, 353, 354, 355, 356, 358], "summary": {"covered_lines": 13, "num_statements": 13, "percent_covered": 100.0, "percent_covered_display": "100", "missing_lines": 0, "excluded_lines": 0, "percent_statements_covered": 100.0, "percent_statements_covered_display": "100"}, "missing_lines": [], "excluded_lines": [], "start_line": 332}, "ClusterSet.start_instances": {"executed_lines": [378, 379, 380, 381, 384, 385, 386, 387, 389, 390], "summary": {"covered_lines": 10, "num_statements": 10, "percent_covered": 100.0, "percent_covered_display": "100", "missing_lines": 0, "excluded_lines": 0, "percent_statements_covered": 100.0, "percent_statements_covered_display": "100"}, "missing_lines": [], "excluded_lines": [], "start_line": 360}, "ClusterSet.stop_instances": {"executed_lines": [401, 402, 403, 404, 407, 408, 409, 410, 412, 413], "summary": {"covered_lines": 10, "num_statements": 10, "percent_covered": 100.0, "percent_covered_display": "100", "missing_lines": 0, "excluded_lines": 0, "percent_statements_covered": 100.0, "percent_statements_covered_display": "100"}, "missing_lines": [], "excluded_lines": [], "start_line": 392}, "ClusterSet.tag_instances": {"executed_lines": [], "summary": {"covered_lines": 0, "num_statements": 4, "percent_covered": 0.0, "percent_covered_display": "0", "missing_lines": 4, "excluded_lines": 0, "percent_statements_covered": 0.0, "percent_statements_covered_display": "0"}, "missing_lines": [420, 421, 422, 423], "excluded_lines": [], "start_line": 415}, "ClusterSet.untag_instances": {"executed_lines": [], "summary": {"covered_lines": 0, "num_statements": 6, "percent_covered": 0.0, "percent_covered_display": "0", "missing_lines": 6, "excluded_lines": 0, "percent_statements_covered": 0.0, "percent_statements_covered_display": "0"}, "missing_lines": [428, 429, 430, 431, 432, 433], "excluded_lines": [], "start_line": 425}, "ClusterSet.get_volumes": {"executed_lines": [444, 445, 453, 454, 455, 456], "summary": {"covered_lines": 6, "num_statements": 6, "percent_covered": 100.0, "percent_covered_display": "100", "missing_lines": 0, "excluded_lines": 0, "percent_statements_covered": 100.0, "percent_statements_covered_display": "100"}, "missing_lines": [], "excluded_lines": [], "start_line": 435}, "ClusterSet.get_kubernetes_volumes": {"executed_lines": [], "summary": {"covered_lines": 0, "num_statements": 5, "percent_covered": 0.0, "percent_covered_display": "0", "missing_lines": 5, "excluded_lines": 0, "percent_statements_covered": 0.0, "percent_statements_covered_display": "0"}, "missing_lines": [467, 468, 482, 483, 484], "excluded_lines": [], "start_line": 458}, "ClusterSet.get_restored_volumes": {"executed_lines": [495, 496, 501, 507, 508, 509, 510, 511], "summary": {"covered_lines": 8, "num_statements": 8, "percent_covered": 100.0, "percent_covered_display": "100", "missing_lines": 0, "excluded_lines": 0, "percent_statements_covered": 100.0, "percent_statements_covered_display": "100"}, "missing_lines": [], "excluded_lines": [], "start_line": 486}, "ClusterSet.attach_volumes": {"executed_lines": [522, 523, 527, 536, 537, 538, 539, 540, 541, 542, 543, 545, 546, 547, 548, 549, 555, 556], "summary": {"covered_lines": 18, "num_statements": 19, "percent_covered": 94.73684210526316, "percent_covered_display": "95", "missing_lines": 1, "excluded_lines": 0, "percent_statements_covered": 94.73684210526316, "percent_statements_covered_display": "95"}, "missing_lines": [552], "excluded_lines": [], "start_line": 513}, "ClusterSet.create_volumes": {"executed_lines": [567, 568, 569, 571, 574, 575, 578, 579, 580, 581, 585, 590, 592, 593, 594, 595, 596, 597, 598, 599, 601, 602, 608, 610, 611, 612, 613], "summary": {"covered_lines": 27, "num_statements": 30, "percent_covered": 90.0, "percent_covered_display": "90", "missing_lines": 3, "excluded_lines": 0, "percent_statements_covered": 90.0, "percent_statements_covered_display": "90"}, "missing_lines": [572, 582, 586], "excluded_lines": [], "start_line": 558}, "ClusterSet.delete_volumes": {"executed_lines": [624, 625, 632, 633, 636, 637, 638, 639, 640, 642, 643], "summary": {"covered_lines": 11, "num_statements": 12, "percent_covered": 91.66666666666667, "percent_covered_display": "92", "missing_lines": 1, "excluded_lines": 0, "percent_statements_covered": 91.66666666666667, "percent_statements_covered_display": "92"}, "missing_lines": [634], "excluded_lines": [], "start_line": 615}, "ClusterSet.delete_kubernetes_volumes": {"executed_lines": [], "summary": {"covered_lines": 0, "num_statements": 11, "percent_covered": 0.0, "percent_covered_display": "0", "missing_lines": 11, "excluded_lines": 0, "percent_statements_covered": 0.0, "percent_statements_covered_display": "0"}, "missing_lines": [654, 661, 662, 663, 665, 666, 667, 668, 669, 671, 672], "excluded_lines": [], "start_line": 645}, "ClusterSet.detach_volumes": {"executed_lines": [683, 685, 687, 688, 689, 690, 691, 692, 693, 694, 695, 696, 698, 699, 700], "summary": {"covered_lines": 15, "num_statements": 15, "percent_covered": 100.0, "percent_covered_display": "100", "missing_lines": 0, "excluded_lines": 0, "percent_statements_covered": 100.0, "percent_statements_covered_display": "100"}, "missing_lines": [], "excluded_lines": [], "start_line": 674}, "ClusterSet.tag_volumes": {"executed_lines": [], "summary": {"covered_lines": 0, "num_statements": 4, "percent_covered": 0.0, "percent_covered_display": "0", "missing_lines": 4, "excluded_lines": 0, "percent_statements_covered": 0.0, "percent_statements_covered_display": "0"}, "missing_lines": [703, 704, 705, 706], "excluded_lines": [], "start_line": 702}, "ClusterSet.untag_volumes": {"executed_lines": [], "summary": {"covered_lines": 0, "num_statements": 6, "percent_covered": 0.0, "percent_covered_display": "0", "missing_lines": 6, "excluded_lines": 0, "percent_statements_covered": 0.0, "percent_statements_covered_display": "0"}, "missing_lines": [709, 710, 711, 712, 713, 716], "excluded_lines": [], "start_line": 708}, "ClusterSet.wait_for_volumes": {"executed_lines": [729, 730, 731], "summary": {"covered_lines": 3, "num_statements": 3, "percent_covered": 100.0, "percent_covered_display": "100", "missing_lines": 0, "excluded_lines": 0, "percent_statements_covered": 100.0, "percent_statements_covered_display": "100"}, "missing_lines": [], "excluded_lines": [], "start_line": 718}, "ClusterSet._wait_for_volume_tags": {"executed_lines": [743, 744, 745, 749, 750], "summary": {"covered_lines": 5, "num_statements": 6, "percent_covered": 83.33333333333333, "percent_covered_display": "83", "missing_lines": 1, "excluded_lines": 0, "percent_statements_covered": 83.33333333333333, "percent_statements_covered_display": "83"}, "missing_lines": [751], "excluded_lines": [], "start_line": 739}, "ClusterSet.get_snapshots": {"executed_lines": [762, 763, 766, 768, 770, 771, 772, 773, 774], "summary": {"covered_lines": 9, "num_statements": 9, "percent_covered": 100.0, "percent_covered_display": "100", "missing_lines": 0, "excluded_lines": 0, "percent_statements_covered": 100.0, "percent_statements_covered_display": "100"}, "missing_lines": [], "excluded_lines": [], "start_line": 753}, "ClusterSet.create_snapshots": {"executed_lines": [785, 786, 790, 791, 793, 795, 796, 797, 799, 800, 801, 803, 804, 805, 806, 808, 809, 810, 811, 812, 813, 814, 815, 817, 818, 819, 823, 825, 826, 827], "summary": {"covered_lines": 30, "num_statements": 31, "percent_covered": 96.7741935483871, "percent_covered_display": "97", "missing_lines": 1, "excluded_lines": 0, "percent_statements_covered": 96.7741935483871, "percent_statements_covered_display": "97"}, "missing_lines": [792], "excluded_lines": [], "start_line": 776}, "ClusterSet.delete_snapshots": {"executed_lines": [844, 845, 846, 848, 849, 850, 851, 854], "summary": {"covered_lines": 8, "num_statements": 8, "percent_covered": 100.0, "percent_covered_display": "100", "missing_lines": 0, "excluded_lines": 0, "percent_statements_covered": 100.0, "percent_statements_covered_display": "100"}, "missing_lines": [], "excluded_lines": [], "start_line": 835}, "ClusterSet.tag_snapshots": {"executed_lines": [], "summary": {"covered_lines": 0, "num_statements": 4, "percent_covered": 0.0, "percent_covered_display": "0", "missing_lines": 4, "excluded_lines": 0, "percent_statements_covered": 0.0, "percent_statements_covered_display": "0"}, "missing_lines": [857, 858, 859, 860], "excluded_lines": [], "start_line": 856}, "ClusterSet.untag_snapshots": {"executed_lines": [], "summary": {"covered_lines": 0, "num_statements": 6, "percent_covered": 0.0, "percent_covered_display": "0", "missing_lines": 6, "excluded_lines": 0, "percent_statements_covered": 0.0, "percent_statements_covered_display": "0"}, "missing_lines": [863, 864, 865, 866, 867, 870], "excluded_lines": [], "start_line": 862}, "ClusterSet.get_subnet": {"executed_lines": [], "summary": {"covered_lines": 0, "num_statements": 8, "percent_covered": 0.0, "percent_covered_display": "0", "missing_lines": 8, "excluded_lines": 0, "percent_statements_covered": 0.0, "percent_statements_covered_display": "0"}, "missing_lines": [881, 882, 883, 884, 885, 887, 888, 889], "excluded_lines": [], "start_line": 872}, "ClusterSet.tag_subnet": {"executed_lines": [], "summary": {"covered_lines": 0, "num_statements": 3, "percent_covered": 0.0, "percent_covered_display": "0", "missing_lines": 3, "excluded_lines": 0, "percent_statements_covered": 0.0, "percent_statements_covered_display": "0"}, "missing_lines": [892, 893, 894], "excluded_lines": [], "start_line": 891}, "ClusterSet.untag_subnet": {"executed_lines": [], "summary": {"covered_lines": 0, "num_statements": 3, "percent_covered": 0.0, "percent_covered_display": "0", "missing_lines": 3, "excluded_lines": 0, "percent_statements_covered": 0.0, "percent_statements_covered_display": "0"}, "missing_lines": [897, 898, 899], "excluded_lines": [], "start_line": 896}, "ClusterSet._filter_instances_by_name_regex": {"executed_lines": [911, 912, 914, 915, 916, 917, 919, 920, 921, 922, 923, 924, 925, 926, 928, 929, 931], "summary": {"covered_lines": 17, "num_statements": 17, "percent_covered": 100.0, "percent_covered_display": "100", "missing_lines": 0, "excluded_lines": 0, "percent_statements_covered": 100.0, "percent_statements_covered_display": "100"}, "missing_lines": [], "excluded_lines": [], "start_line": 901}, "ClusterSet.stop_instances_targeted": {"executed_lines": [942, 943, 944, 946, 947, 950, 951, 952, 953, 955, 956], "summary": {"covered_lines": 11, "num_statements": 11, "percent_covered": 100.0, "percent_covered_display": "100", "missing_lines": 0, "excluded_lines": 0, "percent_statements_covered": 100.0, "percent_statements_covered_display": "100"}, "missing_lines": [], "excluded_lines": [], "start_line": 933}, "ClusterSet.start_instances_targeted": {"executed_lines": [967, 968, 969, 971, 972, 975, 976, 977, 978, 980, 981], "summary": {"covered_lines": 11, "num_statements": 11, "percent_covered": 100.0, "percent_covered_display": "100", "missing_lines": 0, "excluded_lines": 0, "percent_statements_covered": 100.0, "percent_statements_covered_display": "100"}, "missing_lines": [], "excluded_lines": [], "start_line": 958}, "ClusterSet.detach_volumes_targeted": {"executed_lines": [992, 993, 994, 996, 1001, 1003, 1004, 1005, 1006, 1007, 1008, 1009, 1010, 1011, 1013, 1014, 1015], "summary": {"covered_lines": 17, "num_statements": 19, "percent_covered": 89.47368421052632, "percent_covered_display": "89", "missing_lines": 2, "excluded_lines": 0, "percent_statements_covered": 89.47368421052632, "percent_statements_covered_display": "89"}, "missing_lines": [997, 998], "excluded_lines": [], "start_line": 983}, "ClusterSet.delete_volumes_targeted": {"executed_lines": [1026, 1028, 1029, 1031, 1032, 1033, 1034, 1035, 1036, 1037, 1039, 1040, 1041, 1042, 1043, 1047, 1050, 1051, 1052, 1053, 1054, 1056, 1057], "summary": {"covered_lines": 23, "num_statements": 26, "percent_covered": 88.46153846153847, "percent_covered_display": "88", "missing_lines": 3, "excluded_lines": 0, "percent_statements_covered": 88.46153846153847, "percent_statements_covered_display": "88"}, "missing_lines": [1044, 1045, 1048], "excluded_lines": [], "start_line": 1017}, "ClusterSet.create_volumes_targeted": {"executed_lines": [1069, 1070, 1072, 1073, 1074, 1075, 1077, 1080, 1085, 1087, 1088, 1089, 1090, 1091, 1093, 1098, 1099, 1100, 1101, 1102, 1103, 1107, 1113, 1115, 1116, 1117, 1118, 1119, 1120, 1121, 1122, 1124, 1125, 1131, 1134, 1135, 1136, 1137], "summary": {"covered_lines": 38, "num_statements": 44, "percent_covered": 86.36363636363636, "percent_covered_display": "86", "missing_lines": 6, "excluded_lines": 0, "percent_statements_covered": 86.36363636363636, "percent_statements_covered_display": "86"}, "missing_lines": [1081, 1082, 1094, 1095, 1104, 1108], "excluded_lines": [], "start_line": 1059}, "ClusterSet.attach_volumes_targeted": {"executed_lines": [1149, 1150, 1151, 1153, 1157, 1161, 1162, 1163, 1164, 1165, 1166, 1167, 1168, 1170, 1171, 1172, 1173, 1175, 1179, 1180], "summary": {"covered_lines": 20, "num_statements": 23, "percent_covered": 86.95652173913044, "percent_covered_display": "87", "missing_lines": 3, "excluded_lines": 0, "percent_statements_covered": 86.95652173913044, "percent_statements_covered_display": "87"}, "missing_lines": [1154, 1155, 1176], "excluded_lines": [], "start_line": 1139}, "": {"executed_lines": [44, 46, 47, 48, 49, 50, 52, 54, 55, 56, 59, 78, 148, 149, 155, 159, 167, 175, 209, 240, 268, 286, 315, 332, 360, 392, 415, 425, 435, 458, 486, 513, 558, 615, 645, 674, 702, 708, 718, 739, 753, 776, 835, 856, 862, 872, 891, 896, 901, 933, 958, 983, 1017, 1059, 1139], "summary": {"covered_lines": 55, "num_statements": 55, "percent_covered": 100.0, "percent_covered_display": "100", "missing_lines": 0, "excluded_lines": 0, "percent_statements_covered": 100.0, "percent_statements_covered_display": "100"}, "missing_lines": [], "excluded_lines": [], "start_line": 1}}, "classes": {"ClusterSet": {"executed_lines": [114, 117, 121, 123, 128, 133, 134, 135, 138, 139, 140, 142, 145, 146, 151, 152, 153, 157, 161, 162, 169, 170, 198, 199, 201, 205, 206, 207, 218, 219, 221, 225, 226, 227, 228, 231, 233, 234, 235, 236, 238, 249, 250, 252, 256, 257, 258, 259, 261, 262, 263, 264, 266, 278, 279, 281, 282, 283, 284, 296, 297, 299, 300, 301, 302, 303, 306, 308, 309, 310, 311, 313, 324, 325, 327, 328, 329, 330, 341, 342, 344, 345, 346, 347, 348, 351, 353, 354, 355, 356, 358, 378, 379, 380, 381, 384, 385, 386, 387, 389, 390, 401, 402, 403, 404, 407, 408, 409, 410, 412, 413, 444, 445, 453, 454, 455, 456, 495, 496, 501, 507, 508, 509, 510, 511, 522, 523, 527, 536, 537, 538, 539, 540, 541, 542, 543, 545, 546, 547, 548, 549, 555, 556, 567, 568, 569, 571, 574, 575, 578, 579, 580, 581, 585, 590, 592, 593, 594, 595, 596, 597, 598, 599, 601, 602, 608, 610, 611, 612, 613, 624, 625, 632, 633, 636, 637, 638, 639, 640, 642, 643, 683, 685, 687, 688, 689, 690, 691, 692, 693, 694, 695, 696, 698, 699, 700, 729, 730, 731, 743, 744, 745, 749, 750, 762, 763, 766, 768, 770, 771, 772, 773, 774, 785, 786, 790, 791, 793, 795, 796, 797, 799, 800, 801, 803, 804, 805, 806, 808, 809, 810, 811, 812, 813, 814, 815, 817, 818, 819, 823, 825, 826, 827, 844, 845, 846, 848, 849, 850, 851, 854, 911, 912, 914, 915, 916, 917, 919, 920, 921, 922, 923, 924, 925, 926, 928, 929, 931, 942, 943, 944, 946, 947, 950, 951, 952, 953, 955, 956, 967, 968, 969, 971, 972, 975, 976, 977, 978, 980, 981, 992, 993, 994, 996, 1001, 1003, 1004, 1005, 1006, 1007, 1008, 1009, 1010, 1011, 1013, 1014, 1015, 1026, 1028, 1029, 1031, 1032, 1033, 1034, 1035, 1036, 1037, 1039, 1040, 1041, 1042, 1043, 1047, 1050, 1051, 1052, 1053, 1054, 1056, 1057, 1069, 1070, 1072, 1073, 1074, 1075, 1077, 1080, 1085, 1087, 1088, 1089, 1090, 1091, 1093, 1098, 1099, 1100, 1101, 1102, 1103, 1107, 1113, 1115, 1116, 1117, 1118, 1119, 1120, 1121, 1122, 1124, 1125, 1131, 1134, 1135, 1136, 1137, 1149, 1150, 1151, 1153, 1157, 1161, 1162, 1163, 1164, 1165, 1166, 1167, 1168, 1170, 1171, 1172, 1173, 1175, 1179, 1180], "summary": {"covered_lines": 388, "num_statements": 469, "percent_covered": 82.72921108742004, "percent_covered_display": "83", "missing_lines": 81, "excluded_lines": 0, "percent_statements_covered": 82.72921108742004, "percent_statements_covered_display": "83"}, "missing_lines": [420, 421, 422, 423, 428, 429, 430, 431, 432, 433, 467, 468, 482, 483, 484, 552, 572, 582, 586, 634, 654, 661, 662, 663, 665, 666, 667, 668, 669, 671, 672, 703, 704, 705, 706, 709, 710, 711, 712, 713, 716, 751, 792, 857, 858, 859, 860, 863, 864, 865, 866, 867, 870, 881, 882, 883, 884, 885, 887, 888, 889, 892, 893, 894, 897, 898, 899, 997, 998, 1044, 1045, 1048, 1081, 1082, 1094, 1095, 1104, 1108, 1154, 1155, 1176], "excluded_lines": [], "start_line": 59}, "": {"executed_lines": [44, 46, 47, 48, 49, 50, 52, 54, 55, 56, 59, 78, 148, 149, 155, 159, 167, 175, 209, 240, 268, 286, 315, 332, 360, 392, 415, 425, 435, 458, 486, 513, 558, 615, 645, 674, 702, 708, 718, 739, 753, 776, 835, 856, 862, 872, 891, 896, 901, 933, 958, 983, 1017, 1059, 1139], "summary": {"covered_lines": 55, "num_statements": 55, "percent_covered": 100.0, "percent_covered_display": "100", "missing_lines": 0, "excluded_lines": 0, "percent_statements_covered": 100.0, "percent_statements_covered_display": "100"}, "missing_lines": [], "excluded_lines": [], "start_line": 1}}}, "src/tagmania/iac_tools/filterset.py": {"executed_lines": [28, 30, 33, 58, 65, 66, 68, 70, 83, 84, 85, 86, 88, 104, 105, 106, 107, 109, 125], "summary": {"covered_lines": 19, "num_statements": 19, "percent_covered": 100.0, "percent_covered_display": "100", "missing_lines": 0, "excluded_lines": 0, "percent_statements_covered": 100.0, "percent_statements_covered_display": "100"}, "missing_lines": [], "excluded_lines": [], "functions": {"FilterSet.__init__": {"executed_lines": [65, 66, 68], "summary": {"covered_lines": 3, "num_statements": 3, "percent_covered": 100.0, "percent_covered_display": "100", "missing_lines": 0, "excluded_lines": 0, "percent_statements_covered": 100.0, "percent_statements_covered_display": "100"}, "missing_lines": [], "excluded_lines": [], "start_line": 58}, "FilterSet.add": {"executed_lines": [83, 84, 85, 86], "summary": {"covered_lines": 4, "num_statements": 4, "percent_covered": 100.0, "percent_covered_display": "100", "missing_lines": 0, "excluded_lines": 0, "percent_statements_covered": 100.0, "percent_statements_covered_display": "100"}, "missing_lines": [], "excluded_lines": [], "start_line": 70}, "FilterSet.get": {"executed_lines": [104, 105, 106, 107], "summary": {"covered_lines": 4, "num_statements": 4, "percent_covered": 100.0, "percent_covered_display": "100", "missing_lines": 0, "excluded_lines": 0, "percent_statements_covered": 100.0, "percent_statements_covered_display": "100"}, "missing_lines": [], "excluded_lines": [], "start_line": 88}, "FilterSet.to_list": {"executed_lines": [125], "summary": {"covered_lines": 1, "num_statements": 1, "percent_covered": 100.0, "percent_covered_display": "100", "missing_lines": 0, "excluded_lines": 0, "percent_statements_covered": 100.0, "percent_statements_covered_display": "100"}, "missing_lines": [], "excluded_lines": [], "start_line": 109}, "": {"executed_lines": [28, 30, 33, 58, 70, 88, 109], "summary": {"covered_lines": 7, "num_statements": 7, "percent_covered": 100.0, "percent_covered_display": "100", "missing_lines": 0, "excluded_lines": 0, "percent_statements_covered": 100.0, "percent_statements_covered_display": "100"}, "missing_lines": [], "excluded_lines": [], "start_line": 1}}, "classes": {"FilterSet": {"executed_lines": [65, 66, 68, 83, 84, 85, 86, 104, 105, 106, 107, 125], "summary": {"covered_lines": 12, "num_statements": 12, "percent_covered": 100.0, "percent_covered_display": "100", "missing_lines": 0, "excluded_lines": 0, "percent_statements_covered": 100.0, "percent_statements_covered_display": "100"}, "missing_lines": [], "excluded_lines": [], "start_line": 33}, "": {"executed_lines": [28, 30, 33, 58, 70, 88, 109], "summary": {"covered_lines": 7, "num_statements": 7, "percent_covered": 100.0, "percent_covered_display": "100", "missing_lines": 0, "excluded_lines": 0, "percent_statements_covered": 100.0, "percent_statements_covered_display": "100"}, "missing_lines": [], "excluded_lines": [], "start_line": 1}}}, "src/tagmania/iac_tools/tagset.py": {"executed_lines": [28, 30, 33, 61, 68, 69, 71, 73, 86, 87, 89, 105, 106, 107, 108, 110, 126], "summary": {"covered_lines": 17, "num_statements": 17, "percent_covered": 100.0, "percent_covered_display": "100", "missing_lines": 0, "excluded_lines": 0, "percent_statements_covered": 100.0, "percent_statements_covered_display": "100"}, "missing_lines": [], "excluded_lines": [], "functions": {"TagSet.__init__": {"executed_lines": [68, 69, 71], "summary": {"covered_lines": 3, "num_statements": 3, "percent_covered": 100.0, "percent_covered_display": "100", "missing_lines": 0, "excluded_lines": 0, "percent_statements_covered": 100.0, "percent_statements_covered_display": "100"}, "missing_lines": [], "excluded_lines": [], "start_line": 61}, "TagSet.add": {"executed_lines": [86, 87], "summary": {"covered_lines": 2, "num_statements": 2, "percent_covered": 100.0, "percent_covered_display": "100", "missing_lines": 0, "excluded_lines": 0, "percent_statements_covered": 100.0, "percent_statements_covered_display": "100"}, "missing_lines": [], "excluded_lines": [], "start_line": 73}, "TagSet.get": {"executed_lines": [105, 106, 107, 108], "summary": {"covered_lines": 4, "num_statements": 4, "percent_covered": 100.0, "percent_covered_display": "100", "missing_lines": 0, "excluded_lines": 0, "percent_statements_covered": 100.0, "percent_statements_covered_display": "100"}, "missing_lines": [], "excluded_lines": [], "start_line": 89}, "TagSet.to_list": {"executed_lines": [126], "summary": {"covered_lines": 1, "num_statements": 1, "percent_covered": 100.0, "percent_covered_display": "100", "missing_lines": 0, "excluded_lines": 0, "percent_statements_covered": 100.0, "percent_statements_covered_display": "100"}, "missing_lines": [], "excluded_lines": [], "start_line": 110}, "": {"executed_lines": [28, 30, 33, 61, 73, 89, 110], "summary": {"covered_lines": 7, "num_statements": 7, "percent_covered": 100.0, "percent_covered_display": "100", "missing_lines": 0, "excluded_lines": 0, "percent_statements_covered": 100.0, "percent_statements_covered_display": "100"}, "missing_lines": [], "excluded_lines": [], "start_line": 1}}, "classes": {"TagSet": {"executed_lines": [68, 69, 71, 86, 87, 105, 106, 107, 108, 126], "summary": {"covered_lines": 10, "num_statements": 10, "percent_covered": 100.0, "percent_covered_display": "100", "missing_lines": 0, "excluded_lines": 0, "percent_statements_covered": 100.0, "percent_statements_covered_display": "100"}, "missing_lines": [], "excluded_lines": [], "start_line": 33}, "": {"executed_lines": [28, 30, 33, 61, 73, 89, 110], "summary": {"covered_lines": 7, "num_statements": 7, "percent_covered": 100.0, "percent_covered_display": "100", "missing_lines": 0, "excluded_lines": 0, "percent_statements_covered": 100.0, "percent_statements_covered_display": "100"}, "missing_lines": [], "excluded_lines": [], "start_line": 1}}}, "src/tagmania/iac_tools/timing.py": {"executed_lines": [3, 5, 6, 7, 8, 11, 12, 18, 19, 20, 22, 23], "summary": {"covered_lines": 12, "num_statements": 12, "percent_covered": 100.0, "percent_covered_display": "100", "missing_lines": 0, "excluded_lines": 0, "percent_statements_covered": 100.0, "percent_statements_covered_display": "100"}, "missing_lines": [], "excluded_lines": [], "functions": {"log_duration": {"executed_lines": [18, 19, 20, 22, 23], "summary": {"covered_lines": 5, "num_statements": 5, "percent_covered": 100.0, "percent_covered_display": "100", "missing_lines": 0, "excluded_lines": 0, "percent_statements_covered": 100.0, "percent_statements_covered_display": "100"}, "missing_lines": [], "excluded_lines": [], "start_line": 12}, "": {"executed_lines": [3, 5, 6, 7, 8, 11, 12], "summary": {"covered_lines": 7, "num_statements": 7, "percent_covered": 100.0, "percent_covered_display": "100", "missing_lines": 0, "excluded_lines": 0, "percent_statements_covered": 100.0, "percent_statements_covered_display": "100"}, "missing_lines": [], "excluded_lines": [], "start_line": 1}}, "classes": {"": {"executed_lines": [3, 5, 6, 7, 8, 11, 12, 18, 19, 20, 22, 23], "summary": {"covered_lines": 12, "num_statements": 12, "percent_covered": 100.0, "percent_covered_display": "100", "missing_lines": 0, "excluded_lines": 0, "percent_statements_covered": 100.0, "percent_statements_covered_display": "100"}, "missing_lines": [], "excluded_lines": [], "start_line": 1}}}, "src/tagmania/iac_tools/util.py": {"executed_lines": [24, 25, 26, 28, 31, 32, 46, 68, 87], "summary": {"covered_lines": 9, "num_statements": 18, "percent_covered": 50.0, "percent_covered_display": "50", "missing_lines": 9, "excluded_lines": 0, "percent_statements_covered": 50.0, "percent_statements_covered_display": "50"}, "missing_lines": [43, 64, 65, 82, 83, 84, 101, 102, 103], "excluded_lines": [], "functions": {"_lambda_client": {"executed_lines": [], "summary": {"covered_lines": 0, "num_statements": 1, "percent_covered": 0.0, "percent_covered_display": "0", "missing_lines": 1, "excluded_lines": 0, "percent_statements_covered": 0.0, "percent_statements_covered_display": "0"}, "missing_lines": [43], "excluded_lines": [], "start_line": 32}, "get_lambda_arn": {"executed_lines": [], "summary": {"covered_lines": 0, "num_statements": 2, "percent_covered": 0.0, "percent_covered_display": "0", "missing_lines": 2, "excluded_lines": 0, "percent_statements_covered": 0.0, "percent_statements_covered_display": "0"}, "missing_lines": [64, 65], "excluded_lines": [], "start_line": 46}, "tag_lambda_functions": {"executed_lines": [], "summary": {"covered_lines": 0, "num_statements": 3, "percent_covered": 0.0, "percent_covered_display": "0", "missing_lines": 3, "excluded_lines": 0, "percent_statements_covered": 0.0, "percent_statements_covered_display": "0"}, "missing_lines": [82, 83, 84], "excluded_lines": [], "start_line": 68}, "untag_lambda_functions": {"executed_lines": [], "summary": {"covered_lines": 0, "num_statements": 3, "percent_covered": 0.0, "percent_covered_display": "0", "missing_lines": 3, "excluded_lines": 0, "percent_statements_covered": 0.0, "percent_statements_covered_display": "0"}, "missing_lines": [101, 102, 103], "excluded_lines": [], "start_line": 87}, "": {"executed_lines": [24, 25, 26, 28, 31, 32, 46, 68, 87], "summary": {"covered_lines": 9, "num_statements": 9, "percent_covered": 100.0, "percent_covered_display": "100", "missing_lines": 0, "excluded_lines": 0, "percent_statements_covered": 100.0, "percent_statements_covered_display": "100"}, "missing_lines": [], "excluded_lines": [], "start_line": 1}}, "classes": {"": {"executed_lines": [24, 25, 26, 28, 31, 32, 46, 68, 87], "summary": {"covered_lines": 9, "num_statements": 18, "percent_covered": 50.0, "percent_covered_display": "50", "missing_lines": 9, "excluded_lines": 0, "percent_statements_covered": 50.0, "percent_statements_covered_display": "50"}, "missing_lines": [43, 64, 65, 82, 83, 84, 101, 102, 103], "excluded_lines": [], "start_line": 1}}}, "src/tagmania/snapshot_manager.py": {"executed_lines": [44, 45, 46, 48, 49, 52, 54, 55, 56, 57, 58, 59, 60, 63, 77, 85, 86, 95, 104, 113, 122, 123, 130, 137, 138, 140, 141, 143, 144, 145, 146, 147, 148, 149, 150, 152, 154, 155, 158, 160, 162, 163, 164, 165, 167, 168, 169, 170, 171, 172, 173, 174, 176, 178, 180, 181, 184, 185, 187, 190, 191, 193, 194, 198, 201, 202, 203, 204, 205, 206, 207, 208, 210, 213, 214, 215, 217, 219, 220, 222, 223, 226, 228, 229, 230, 231, 234, 235, 236, 237, 238, 239, 241, 243, 245, 246, 248, 249, 252, 254, 256, 257, 258, 259, 262, 263, 264, 265, 266, 267, 268, 269, 270, 274, 275, 276, 277, 278, 280, 281, 282, 283, 286], "summary": {"covered_lines": 123, "num_statements": 125, "percent_covered": 98.4, "percent_covered_display": "98", "missing_lines": 2, "excluded_lines": 0, "percent_statements_covered": 98.4, "percent_statements_covered_display": "98"}, "missing_lines": [271, 287], "excluded_lines": [], "functions": {"_configure_logging": {"executed_lines": [54, 55, 56, 57, 58, 59, 60], "summary": {"covered_lines": 7, "num_statements": 7, "percent_covered": 100.0, "percent_covered_display": "100", "missing_lines": 0, "excluded_lines": 0, "percent_statements_covered": 100.0, "percent_statements_covered_display": "100"}, "missing_lines": [], "excluded_lines": [], "start_line": 52}, "main": {"executed_lines": [77, 85, 86, 95, 104, 113, 122, 123, 130, 137, 138, 140, 141, 143, 144, 145, 146, 147, 148, 149, 150, 152, 154, 155, 158, 160, 162, 163, 164, 165, 167, 168, 169, 170, 171, 172, 173, 174, 176, 178, 180, 181, 184, 185, 187, 190, 191, 193, 194, 198, 201, 202, 203, 204, 205, 206, 207, 208, 210, 213, 214, 215, 217, 219, 220, 222, 223, 226, 228, 229, 230, 231, 234, 235, 236, 237, 238, 239, 241, 243, 245, 246, 248, 249, 252, 254, 256, 257, 258, 259, 262, 263, 264, 265, 266, 267, 268, 269, 270, 274, 275, 276, 277, 278, 280, 281, 282, 283], "summary": {"covered_lines": 108, "num_statements": 109, "percent_covered": 99.08256880733946, "percent_covered_display": "99", "missing_lines": 1, "excluded_lines": 0, "percent_statements_covered": 99.08256880733946, "percent_statements_covered_display": "99"}, "missing_lines": [271], "excluded_lines": [], "start_line": 63}, "": {"executed_lines": [44, 45, 46, 48, 49, 52, 63, 286], "summary": {"covered_lines": 8, "num_statements": 9, "percent_covered": 88.88888888888889, "percent_covered_display": "89", "missing_lines": 1, "excluded_lines": 0, "percent_statements_covered": 88.88888888888889, "percent_statements_covered_display": "89"}, "missing_lines": [287], "excluded_lines": [], "start_line": 1}}, "classes": {"": {"executed_lines": [44, 45, 46, 48, 49, 52, 54, 55, 56, 57, 58, 59, 60, 63, 77, 85, 86, 95, 104, 113, 122, 123, 130, 137, 138, 140, 141, 143, 144, 145, 146, 147, 148, 149, 150, 152, 154, 155, 158, 160, 162, 163, 164, 165, 167, 168, 169, 170, 171, 172, 173, 174, 176, 178, 180, 181, 184, 185, 187, 190, 191, 193, 194, 198, 201, 202, 203, 204, 205, 206, 207, 208, 210, 213, 214, 215, 217, 219, 220, 222, 223, 226, 228, 229, 230, 231, 234, 235, 236, 237, 238, 239, 241, 243, 245, 246, 248, 249, 252, 254, 256, 257, 258, 259, 262, 263, 264, 265, 266, 267, 268, 269, 270, 274, 275, 276, 277, 278, 280, 281, 282, 283, 286], "summary": {"covered_lines": 123, "num_statements": 125, "percent_covered": 98.4, "percent_covered_display": "98", "missing_lines": 2, "excluded_lines": 0, "percent_statements_covered": 98.4, "percent_statements_covered_display": "98"}, "missing_lines": [271, 287], "excluded_lines": [], "start_line": 1}}}, "src/tagmania/start_cluster.py": {"executed_lines": [32, 34, 37, 52, 58, 64, 65, 67, 68, 69, 72], "summary": {"covered_lines": 11, "num_statements": 12, "percent_covered": 91.66666666666667, "percent_covered_display": "92", "missing_lines": 1, "excluded_lines": 0, "percent_statements_covered": 91.66666666666667, "percent_statements_covered_display": "92"}, "missing_lines": [73], "excluded_lines": [], "functions": {"main": {"executed_lines": [52, 58, 64, 65, 67, 68, 69], "summary": {"covered_lines": 7, "num_statements": 7, "percent_covered": 100.0, "percent_covered_display": "100", "missing_lines": 0, "excluded_lines": 0, "percent_statements_covered": 100.0, "percent_statements_covered_display": "100"}, "missing_lines": [], "excluded_lines": [], "start_line": 37}, "": {"executed_lines": [32, 34, 37, 72], "summary": {"covered_lines": 4, "num_statements": 5, "percent_covered": 80.0, "percent_covered_display": "80", "missing_lines": 1, "excluded_lines": 0, "percent_statements_covered": 80.0, "percent_statements_covered_display": "80"}, "missing_lines": [73], "excluded_lines": [], "start_line": 1}}, "classes": {"": {"executed_lines": [32, 34, 37, 52, 58, 64, 65, 67, 68, 69, 72], "summary": {"covered_lines": 11, "num_statements": 12, "percent_covered": 91.66666666666667, "percent_covered_display": "92", "missing_lines": 1, "excluded_lines": 0, "percent_statements_covered": 91.66666666666667, "percent_statements_covered_display": "92"}, "missing_lines": [73], "excluded_lines": [], "start_line": 1}}}, "src/tagmania/stop_cluster.py": {"executed_lines": [36, 38, 41, 56, 62, 68, 69, 71, 72, 73, 76], "summary": {"covered_lines": 11, "num_statements": 12, "percent_covered": 91.66666666666667, "percent_covered_display": "92", "missing_lines": 1, "excluded_lines": 0, "percent_statements_covered": 91.66666666666667, "percent_statements_covered_display": "92"}, "missing_lines": [77], "excluded_lines": [], "functions": {"main": {"executed_lines": [56, 62, 68, 69, 71, 72, 73], "summary": {"covered_lines": 7, "num_statements": 7, "percent_covered": 100.0, "percent_covered_display": "100", "missing_lines": 0, "excluded_lines": 0, "percent_statements_covered": 100.0, "percent_statements_covered_display": "100"}, "missing_lines": [], "excluded_lines": [], "start_line": 41}, "": {"executed_lines": [36, 38, 41, 76], "summary": {"covered_lines": 4, "num_statements": 5, "percent_covered": 80.0, "percent_covered_display": "80", "missing_lines": 1, "excluded_lines": 0, "percent_statements_covered": 80.0, "percent_statements_covered_display": "80"}, "missing_lines": [77], "excluded_lines": [], "start_line": 1}}, "classes": {"": {"executed_lines": [36, 38, 41, 56, 62, 68, 69, 71, 72, 73, 76], "summary": {"covered_lines": 11, "num_statements": 12, "percent_covered": 91.66666666666667, "percent_covered_display": "92", "missing_lines": 1, "excluded_lines": 0, "percent_statements_covered": 91.66666666666667, "percent_statements_covered_display": "92"}, "missing_lines": [77], "excluded_lines": [], "start_line": 1}}}, "src/tagmania/tag_manager.py": {"executed_lines": [37, 39, 40, 43, 57, 68, 78, 88, 96, 97, 99, 102, 103, 104, 105, 106, 109, 110, 111, 115, 116, 118, 119, 120, 121, 122, 123, 126, 127, 128, 129, 132, 133, 134, 138, 139, 141, 142, 143, 144, 145, 148], "summary": {"covered_lines": 42, "num_statements": 43, "percent_covered": 97.67441860465117, "percent_covered_display": "98", "missing_lines": 1, "excluded_lines": 0, "percent_statements_covered": 97.67441860465117, "percent_statements_covered_display": "98"}, "missing_lines": [149], "excluded_lines": [], "functions": {"main": {"executed_lines": [57, 68, 78, 88, 96, 97, 99, 102, 103, 104, 105, 106, 109, 110, 111, 115, 116, 118, 119, 120, 121, 122, 123, 126, 127, 128, 129, 132, 133, 134, 138, 139, 141, 142, 143, 144, 145], "summary": {"covered_lines": 37, "num_statements": 37, "percent_covered": 100.0, "percent_covered_display": "100", "missing_lines": 0, "excluded_lines": 0, "percent_statements_covered": 100.0, "percent_statements_covered_display": "100"}, "missing_lines": [], "excluded_lines": [], "start_line": 43}, "": {"executed_lines": [37, 39, 40, 43, 148], "summary": {"covered_lines": 5, "num_statements": 6, "percent_covered": 83.33333333333333, "percent_covered_display": "83", "missing_lines": 1, "excluded_lines": 0, "percent_statements_covered": 83.33333333333333, "percent_statements_covered_display": "83"}, "missing_lines": [149], "excluded_lines": [], "start_line": 1}}, "classes": {"": {"executed_lines": [37, 39, 40, 43, 57, 68, 78, 88, 96, 97, 99, 102, 103, 104, 105, 106, 109, 110, 111, 115, 116, 118, 119, 120, 121, 122, 123, 126, 127, 128, 129, 132, 133, 134, 138, 139, 141, 142, 143, 144, 145, 148], "summary": {"covered_lines": 42, "num_statements": 43, "percent_covered": 97.67441860465117, "percent_covered_display": "98", "missing_lines": 1, "excluded_lines": 0, "percent_statements_covered": 97.67441860465117, "percent_statements_covered_display": "98"}, "missing_lines": [149], "excluded_lines": [], "start_line": 1}}}}, "totals": {"covered_lines": 738, "num_statements": 847, "percent_covered": 87.13105076741441, "percent_covered_display": "87", "missing_lines": 109, "excluded_lines": 0, "percent_statements_covered": 87.13105076741441, "percent_statements_covered_display": "87"}}