{"meta": {"format": 3, "version": "7.13.5", "timestamp": "2026-04-04T04:57:22.237961", "branch_coverage": false, "show_contexts": false}, "files": {"src/tagmania/__init__.py": {"executed_lines": [40, 41, 42], "summary": {"covered_lines": 3, "num_statements": 3, "percent_covered": 100.0, "percent_covered_display": "100", "missing_lines": 0, "excluded_lines": 0, "percent_statements_covered": 100.0, "percent_statements_covered_display": "100"}, "missing_lines": [], "excluded_lines": [], "functions": {"": {"executed_lines": [40, 41, 42], "summary": {"covered_lines": 3, "num_statements": 3, "percent_covered": 100.0, "percent_covered_display": "100", "missing_lines": 0, "excluded_lines": 0, "percent_statements_covered": 100.0, "percent_statements_covered_display": "100"}, "missing_lines": [], "excluded_lines": [], "start_line": 1}}, "classes": {"": {"executed_lines": [40, 41, 42], "summary": {"covered_lines": 3, "num_statements": 3, "percent_covered": 100.0, "percent_covered_display": "100", "missing_lines": 0, "excluded_lines": 0, "percent_statements_covered": 100.0, "percent_statements_covered_display": "100"}, "missing_lines": [], "excluded_lines": [], "start_line": 1}}}, "src/tagmania/delete_snapshots.py": {"executed_lines": [], "summary": {"covered_lines": 0, "num_statements": 13, "percent_covered": 0.0, "percent_covered_display": "0", "missing_lines": 13, "excluded_lines": 0, "percent_statements_covered": 0.0, "percent_statements_covered_display": "0"}, "missing_lines": [1, 3, 6, 7, 13, 14, 20, 21, 23, 24, 27, 30, 31], "excluded_lines": [], "functions": {"main": {"executed_lines": [], "summary": {"covered_lines": 0, "num_statements": 8, "percent_covered": 0.0, "percent_covered_display": "0", "missing_lines": 8, "excluded_lines": 0, "percent_statements_covered": 0.0, "percent_statements_covered_display": "0"}, "missing_lines": [7, 13, 14, 20, 21, 23, 24, 27], "excluded_lines": [], "start_line": 6}, "": {"executed_lines": [], "summary": {"covered_lines": 0, "num_statements": 5, "percent_covered": 0.0, "percent_covered_display": "0", "missing_lines": 5, "excluded_lines": 0, "percent_statements_covered": 0.0, "percent_statements_covered_display": "0"}, "missing_lines": [1, 3, 6, 30, 31], "excluded_lines": [], "start_line": 1}}, "classes": {"": {"executed_lines": [], "summary": {"covered_lines": 0, "num_statements": 13, "percent_covered": 0.0, "percent_covered_display": "0", "missing_lines": 13, "excluded_lines": 0, "percent_statements_covered": 0.0, "percent_statements_covered_display": "0"}, "missing_lines": [1, 3, 6, 7, 13, 14, 20, 21, 23, 24, 27, 30, 31], "excluded_lines": [], "start_line": 1}}}, "src/tagmania/delete_volumes.py": {"executed_lines": [1, 3, 4, 7, 8, 14, 15, 24, 33, 41, 42, 44, 45, 46, 48, 49, 50, 51, 53, 54, 55, 56, 57, 58, 60, 61, 63, 64, 65, 66, 68, 69, 70, 71, 73, 74, 75, 76, 78, 79, 80, 81, 83, 86], "summary": {"covered_lines": 44, "num_statements": 45, "percent_covered": 97.77777777777777, "percent_covered_display": "98", "missing_lines": 1, "excluded_lines": 0, "percent_statements_covered": 97.77777777777777, "percent_statements_covered_display": "98"}, "missing_lines": [87], "excluded_lines": [], "functions": {"main": {"executed_lines": [8, 14, 15, 24, 33, 41, 42, 44, 45, 46, 48, 49, 50, 51, 53, 54, 55, 56, 57, 58, 60, 61, 63, 64, 65, 66, 68, 69, 70, 71, 73, 74, 75, 76, 78, 79, 80, 81, 83], "summary": {"covered_lines": 39, "num_statements": 39, "percent_covered": 100.0, "percent_covered_display": "100", "missing_lines": 0, "excluded_lines": 0, "percent_statements_covered": 100.0, "percent_statements_covered_display": "100"}, "missing_lines": [], "excluded_lines": [], "start_line": 7}, "": {"executed_lines": [1, 3, 4, 7, 86], "summary": {"covered_lines": 5, "num_statements": 6, "percent_covered": 83.33333333333333, "percent_covered_display": "83", "missing_lines": 1, "excluded_lines": 0, "percent_statements_covered": 83.33333333333333, "percent_statements_covered_display": "83"}, "missing_lines": [87], "excluded_lines": [], "start_line": 1}}, "classes": {"": {"executed_lines": [1, 3, 4, 7, 8, 14, 15, 24, 33, 41, 42, 44, 45, 46, 48, 49, 50, 51, 53, 54, 55, 56, 57, 58, 60, 61, 63, 64, 65, 66, 68, 69, 70, 71, 73, 74, 75, 76, 78, 79, 80, 81, 83, 86], "summary": {"covered_lines": 44, "num_statements": 45, "percent_covered": 97.77777777777777, "percent_covered_display": "98", "missing_lines": 1, "excluded_lines": 0, "percent_statements_covered": 97.77777777777777, "percent_statements_covered_display": "98"}, "missing_lines": [87], "excluded_lines": [], "start_line": 1}}}, "src/tagmania/iac_tools/__init__.py": {"executed_lines": [18, 19, 20, 22], "summary": {"covered_lines": 4, "num_statements": 4, "percent_covered": 100.0, "percent_covered_display": "100", "missing_lines": 0, "excluded_lines": 0, "percent_statements_covered": 100.0, "percent_statements_covered_display": "100"}, "missing_lines": [], "excluded_lines": [], "functions": {"": {"executed_lines": [18, 19, 20, 22], "summary": {"covered_lines": 4, "num_statements": 4, "percent_covered": 100.0, "percent_covered_display": "100", "missing_lines": 0, "excluded_lines": 0, "percent_statements_covered": 100.0, "percent_statements_covered_display": "100"}, "missing_lines": [], "excluded_lines": [], "start_line": 1}}, "classes": {"": {"executed_lines": [18, 19, 20, 22], "summary": {"covered_lines": 4, "num_statements": 4, "percent_covered": 100.0, "percent_covered_display": "100", "missing_lines": 0, "excluded_lines": 0, "percent_statements_covered": 100.0, "percent_statements_covered_display": "100"}, "missing_lines": [], "excluded_lines": [], "start_line": 1}}}, "src/tagmania/iac_tools/clusterset.py": {"executed_lines": [44, 46, 47, 48, 49, 50, 52, 54, 55, 58, 77, 113, 116, 120, 122, 127, 132, 133, 134, 137, 138, 139, 141, 144, 145, 147, 148, 150, 151, 152, 154, 156, 158, 166, 174, 197, 198, 200, 204, 205, 206, 208, 217, 218, 220, 224, 225, 226, 227, 230, 232, 233, 234, 235, 237, 239, 248, 249, 251, 255, 256, 257, 258, 260, 261, 262, 263, 265, 267, 277, 278, 280, 281, 282, 283, 285, 295, 296, 298, 299, 300, 301, 302, 305, 307, 308, 309, 310, 312, 314, 323, 324, 326, 327, 328, 329, 331, 340, 341, 343, 344, 345, 346, 347, 350, 352, 353, 354, 355, 357, 359, 391, 414, 424, 434, 457, 485, 512, 557, 613, 642, 671, 699, 705, 715, 736, 750, 773, 831, 851, 857, 867, 886, 891, 896, 906, 907, 909, 910, 911, 912, 914, 915, 916, 917, 918, 919, 920, 921, 923, 924, 926, 928, 953, 978, 1012, 1054, 1134], "summary": {"covered_lines": 158, "num_statements": 518, "percent_covered": 30.501930501930502, "percent_covered_display": "31", "missing_lines": 360, "excluded_lines": 0, "percent_statements_covered": 30.501930501930502, "percent_statements_covered_display": "31"}, "missing_lines": [160, 161, 168, 169, 377, 378, 379, 380, 383, 384, 385, 386, 388, 389, 400, 401, 402, 403, 406, 407, 408, 409, 411, 412, 419, 420, 421, 422, 427, 428, 429, 430, 431, 432, 443, 444, 452, 453, 454, 455, 466, 467, 481, 482, 483, 494, 495, 500, 506, 507, 508, 509, 510, 521, 522, 526, 535, 536, 537, 538, 539, 540, 541, 542, 544, 545, 546, 547, 548, 551, 554, 555, 566, 567, 569, 570, 572, 573, 576, 577, 578, 579, 580, 583, 584, 588, 590, 591, 592, 593, 594, 595, 596, 597, 599, 600, 606, 608, 609, 610, 611, 622, 629, 630, 631, 633, 634, 635, 636, 637, 639, 640, 651, 658, 659, 660, 662, 663, 664, 665, 666, 668, 669, 680, 682, 684, 685, 686, 687, 688, 689, 690, 691, 692, 693, 695, 696, 697, 700, 701, 702, 703, 706, 707, 708, 709, 710, 713, 726, 727, 728, 740, 741, 742, 746, 747, 748, 759, 760, 763, 765, 767, 768, 769, 770, 771, 782, 786, 787, 788, 789, 791, 792, 793, 795, 796, 797, 799, 800, 801, 802, 804, 805, 806, 807, 808, 809, 810, 811, 813, 814, 815, 819, 821, 822, 823, 840, 841, 843, 844, 845, 846, 849, 852, 853, 854, 855, 858, 859, 860, 861, 862, 865, 876, 877, 878, 879, 880, 882, 883, 884, 887, 888, 889, 892, 893, 894, 937, 938, 939, 941, 942, 945, 946, 947, 948, 950, 951, 962, 963, 964, 966, 967, 970, 971, 972, 973, 975, 976, 987, 988, 989, 991, 992, 993, 996, 998, 999, 1000, 1001, 1002, 1003, 1004, 1005, 1006, 1008, 1009, 1010, 1021, 1023, 1024, 1026, 1027, 1028, 1029, 1030, 1031, 1032, 1034, 1035, 1036, 1037, 1038, 1039, 1040, 1042, 1043, 1045, 1046, 1047, 1048, 1049, 1051, 1052, 1064, 1067, 1068, 1069, 1070, 1072, 1075, 1076, 1077, 1080, 1082, 1083, 1084, 1085, 1086, 1088, 1089, 1090, 1093, 1094, 1095, 1096, 1097, 1098, 1099, 1102, 1103, 1108, 1110, 1111, 1112, 1113, 1114, 1115, 1116, 1117, 1119, 1120, 1126, 1129, 1130, 1131, 1132, 1144, 1145, 1146, 1148, 1149, 1150, 1152, 1156, 1157, 1158, 1159, 1160, 1161, 1162, 1163, 1165, 1166, 1167, 1168, 1170, 1171, 1174, 1175], "excluded_lines": [], "functions": {"ClusterSet.__init__": {"executed_lines": [113, 116, 120, 122, 127, 132, 133, 134, 137, 138, 139, 141, 144, 145], "summary": {"covered_lines": 14, "num_statements": 14, "percent_covered": 100.0, "percent_covered_display": "100", "missing_lines": 0, "excluded_lines": 0, "percent_statements_covered": 100.0, "percent_statements_covered_display": "100"}, "missing_lines": [], "excluded_lines": [], "start_line": 77}, "ClusterSet._cluster_name_str": {"executed_lines": [150, 151, 152], "summary": {"covered_lines": 3, "num_statements": 3, "percent_covered": 100.0, "percent_covered_display": "100", "missing_lines": 0, "excluded_lines": 0, "percent_statements_covered": 100.0, "percent_statements_covered_display": "100"}, "missing_lines": [], "excluded_lines": [], "start_line": 148}, "ClusterSet.get_cluster_filter": {"executed_lines": [156], "summary": {"covered_lines": 1, "num_statements": 1, "percent_covered": 100.0, "percent_covered_display": "100", "missing_lines": 0, "excluded_lines": 0, "percent_statements_covered": 100.0, "percent_statements_covered_display": "100"}, "missing_lines": [], "excluded_lines": [], "start_line": 154}, "ClusterSet._wait_instances_running": {"executed_lines": [], "summary": {"covered_lines": 0, "num_statements": 2, "percent_covered": 0.0, "percent_covered_display": "0", "missing_lines": 2, "excluded_lines": 0, "percent_statements_covered": 0.0, "percent_statements_covered_display": "0"}, "missing_lines": [160, 161], "excluded_lines": [], "start_line": 158}, "ClusterSet._wait_instances_stopped": {"executed_lines": [], "summary": {"covered_lines": 0, "num_statements": 2, "percent_covered": 0.0, "percent_covered_display": "0", "missing_lines": 2, "excluded_lines": 0, "percent_statements_covered": 0.0, "percent_statements_covered_display": "0"}, "missing_lines": [168, 169], "excluded_lines": [], "start_line": 166}, "ClusterSet.get_instances": {"executed_lines": [197, 198, 200, 204, 205, 206], "summary": {"covered_lines": 6, "num_statements": 6, "percent_covered": 100.0, "percent_covered_display": "100", "missing_lines": 0, "excluded_lines": 0, "percent_statements_covered": 100.0, "percent_statements_covered_display": "100"}, "missing_lines": [], "excluded_lines": [], "start_line": 174}, "ClusterSet.get_deployed_clusters": {"executed_lines": [217, 218, 220, 224, 225, 226, 227, 230, 232, 233, 234, 235, 237], "summary": {"covered_lines": 13, "num_statements": 13, "percent_covered": 100.0, "percent_covered_display": "100", "missing_lines": 0, "excluded_lines": 0, "percent_statements_covered": 100.0, "percent_statements_covered_display": "100"}, "missing_lines": [], "excluded_lines": [], "start_line": 208}, "ClusterSet.get_deployed_cluster_names": {"executed_lines": [248, 249, 251, 255, 256, 257, 258, 260, 261, 262, 263, 265], "summary": {"covered_lines": 12, "num_statements": 12, "percent_covered": 100.0, "percent_covered_display": "100", "missing_lines": 0, "excluded_lines": 0, "percent_statements_covered": 100.0, "percent_statements_covered_display": "100"}, "missing_lines": [], "excluded_lines": [], "start_line": 239}, "ClusterSet.get_running_instances": {"executed_lines": [277, 278, 280, 281, 282, 283], "summary": {"covered_lines": 6, "num_statements": 6, "percent_covered": 100.0, "percent_covered_display": "100", "missing_lines": 0, "excluded_lines": 0, "percent_statements_covered": 100.0, "percent_statements_covered_display": "100"}, "missing_lines": [], "excluded_lines": [], "start_line": 267}, "ClusterSet.get_running_clusters": {"executed_lines": [295, 296, 298, 299, 300, 301, 302, 305, 307, 308, 309, 310, 312], "summary": {"covered_lines": 13, "num_statements": 13, "percent_covered": 100.0, "percent_covered_display": "100", "missing_lines": 0, "excluded_lines": 0, "percent_statements_covered": 100.0, "percent_statements_covered_display": "100"}, "missing_lines": [], "excluded_lines": [], "start_line": 285}, "ClusterSet.get_stopped_instances": {"executed_lines": [323, 324, 326, 327, 328, 329], "summary": {"covered_lines": 6, "num_statements": 6, "percent_covered": 100.0, "percent_covered_display": "100", "missing_lines": 0, "excluded_lines": 0, "percent_statements_covered": 100.0, "percent_statements_covered_display": "100"}, "missing_lines": [], "excluded_lines": [], "start_line": 314}, "ClusterSet.get_stopped_clusters": {"executed_lines": [340, 341, 343, 344, 345, 346, 347, 350, 352, 353, 354, 355, 357], "summary": {"covered_lines": 13, "num_statements": 13, "percent_covered": 100.0, "percent_covered_display": "100", "missing_lines": 0, "excluded_lines": 0, "percent_statements_covered": 100.0, "percent_statements_covered_display": "100"}, "missing_lines": [], "excluded_lines": [], "start_line": 331}, "ClusterSet.start_instances": {"executed_lines": [], "summary": {"covered_lines": 0, "num_statements": 10, "percent_covered": 0.0, "percent_covered_display": "0", "missing_lines": 10, "excluded_lines": 0, "percent_statements_covered": 0.0, "percent_statements_covered_display": "0"}, "missing_lines": [377, 378, 379, 380, 383, 384, 385, 386, 388, 389], "excluded_lines": [], "start_line": 359}, "ClusterSet.stop_instances": {"executed_lines": [], "summary": {"covered_lines": 0, "num_statements": 10, "percent_covered": 0.0, "percent_covered_display": "0", "missing_lines": 10, "excluded_lines": 0, "percent_statements_covered": 0.0, "percent_statements_covered_display": "0"}, "missing_lines": [400, 401, 402, 403, 406, 407, 408, 409, 411, 412], "excluded_lines": [], "start_line": 391}, "ClusterSet.tag_instances": {"executed_lines": [], "summary": {"covered_lines": 0, "num_statements": 4, "percent_covered": 0.0, "percent_covered_display": "0", "missing_lines": 4, "excluded_lines": 0, "percent_statements_covered": 0.0, "percent_statements_covered_display": "0"}, "missing_lines": [419, 420, 421, 422], "excluded_lines": [], "start_line": 414}, "ClusterSet.untag_instances": {"executed_lines": [], "summary": {"covered_lines": 0, "num_statements": 6, "percent_covered": 0.0, "percent_covered_display": "0", "missing_lines": 6, "excluded_lines": 0, "percent_statements_covered": 0.0, "percent_statements_covered_display": "0"}, "missing_lines": [427, 428, 429, 430, 431, 432], "excluded_lines": [], "start_line": 424}, "ClusterSet.get_volumes": {"executed_lines": [], "summary": {"covered_lines": 0, "num_statements": 6, "percent_covered": 0.0, "percent_covered_display": "0", "missing_lines": 6, "excluded_lines": 0, "percent_statements_covered": 0.0, "percent_statements_covered_display": "0"}, "missing_lines": [443, 444, 452, 453, 454, 455], "excluded_lines": [], "start_line": 434}, "ClusterSet.get_kubernetes_volumes": {"executed_lines": [], "summary": {"covered_lines": 0, "num_statements": 5, "percent_covered": 0.0, "percent_covered_display": "0", "missing_lines": 5, "excluded_lines": 0, "percent_statements_covered": 0.0, "percent_statements_covered_display": "0"}, "missing_lines": [466, 467, 481, 482, 483], "excluded_lines": [], "start_line": 457}, "ClusterSet.get_restored_volumes": {"executed_lines": [], "summary": {"covered_lines": 0, "num_statements": 8, "percent_covered": 0.0, "percent_covered_display": "0", "missing_lines": 8, "excluded_lines": 0, "percent_statements_covered": 0.0, "percent_statements_covered_display": "0"}, "missing_lines": [494, 495, 500, 506, 507, 508, 509, 510], "excluded_lines": [], "start_line": 485}, "ClusterSet.attach_volumes": {"executed_lines": [], "summary": {"covered_lines": 0, "num_statements": 19, "percent_covered": 0.0, "percent_covered_display": "0", "missing_lines": 19, "excluded_lines": 0, "percent_statements_covered": 0.0, "percent_statements_covered_display": "0"}, "missing_lines": [521, 522, 526, 535, 536, 537, 538, 539, 540, 541, 542, 544, 545, 546, 547, 548, 551, 554, 555], "excluded_lines": [], "start_line": 512}, "ClusterSet.create_volumes": {"executed_lines": [], "summary": {"covered_lines": 0, "num_statements": 29, "percent_covered": 0.0, "percent_covered_display": "0", "missing_lines": 29, "excluded_lines": 0, "percent_statements_covered": 0.0, "percent_statements_covered_display": "0"}, "missing_lines": [566, 567, 569, 570, 572, 573, 576, 577, 578, 579, 580, 583, 584, 588, 590, 591, 592, 593, 594, 595, 596, 597, 599, 600, 606, 608, 609, 610, 611], "excluded_lines": [], "start_line": 557}, "ClusterSet.delete_volumes": {"executed_lines": [], "summary": {"covered_lines": 0, "num_statements": 11, "percent_covered": 0.0, "percent_covered_display": "0", "missing_lines": 11, "excluded_lines": 0, "percent_statements_covered": 0.0, "percent_statements_covered_display": "0"}, "missing_lines": [622, 629, 630, 631, 633, 634, 635, 636, 637, 639, 640], "excluded_lines": [], "start_line": 613}, "ClusterSet.delete_kubernetes_volumes": {"executed_lines": [], "summary": {"covered_lines": 0, "num_statements": 11, "percent_covered": 0.0, "percent_covered_display": "0", "missing_lines": 11, "excluded_lines": 0, "percent_statements_covered": 0.0, "percent_statements_covered_display": "0"}, "missing_lines": [651, 658, 659, 660, 662, 663, 664, 665, 666, 668, 669], "excluded_lines": [], "start_line": 642}, "ClusterSet.detach_volumes": {"executed_lines": [], "summary": {"covered_lines": 0, "num_statements": 15, "percent_covered": 0.0, "percent_covered_display": "0", "missing_lines": 15, "excluded_lines": 0, "percent_statements_covered": 0.0, "percent_statements_covered_display": "0"}, "missing_lines": [680, 682, 684, 685, 686, 687, 688, 689, 690, 691, 692, 693, 695, 696, 697], "excluded_lines": [], "start_line": 671}, "ClusterSet.tag_volumes": {"executed_lines": [], "summary": {"covered_lines": 0, "num_statements": 4, "percent_covered": 0.0, "percent_covered_display": "0", "missing_lines": 4, "excluded_lines": 0, "percent_statements_covered": 0.0, "percent_statements_covered_display": "0"}, "missing_lines": [700, 701, 702, 703], "excluded_lines": [], "start_line": 699}, "ClusterSet.untag_volumes": {"executed_lines": [], "summary": {"covered_lines": 0, "num_statements": 6, "percent_covered": 0.0, "percent_covered_display": "0", "missing_lines": 6, "excluded_lines": 0, "percent_statements_covered": 0.0, "percent_statements_covered_display": "0"}, "missing_lines": [706, 707, 708, 709, 710, 713], "excluded_lines": [], "start_line": 705}, "ClusterSet.wait_for_volumes": {"executed_lines": [], "summary": {"covered_lines": 0, "num_statements": 3, "percent_covered": 0.0, "percent_covered_display": "0", "missing_lines": 3, "excluded_lines": 0, "percent_statements_covered": 0.0, "percent_statements_covered_display": "0"}, "missing_lines": [726, 727, 728], "excluded_lines": [], "start_line": 715}, "ClusterSet._wait_for_volume_tags": {"executed_lines": [], "summary": {"covered_lines": 0, "num_statements": 6, "percent_covered": 0.0, "percent_covered_display": "0", "missing_lines": 6, "excluded_lines": 0, "percent_statements_covered": 0.0, "percent_statements_covered_display": "0"}, "missing_lines": [740, 741, 742, 746, 747, 748], "excluded_lines": [], "start_line": 736}, "ClusterSet.get_snapshots": {"executed_lines": [], "summary": {"covered_lines": 0, "num_statements": 9, "percent_covered": 0.0, "percent_covered_display": "0", "missing_lines": 9, "excluded_lines": 0, "percent_statements_covered": 0.0, "percent_statements_covered_display": "0"}, "missing_lines": [759, 760, 763, 765, 767, 768, 769, 770, 771], "excluded_lines": [], "start_line": 750}, "ClusterSet.create_snapshots": {"executed_lines": [], "summary": {"covered_lines": 0, "num_statements": 30, "percent_covered": 0.0, "percent_covered_display": "0", "missing_lines": 30, "excluded_lines": 0, "percent_statements_covered": 0.0, "percent_statements_covered_display": "0"}, "missing_lines": [782, 786, 787, 788, 789, 791, 792, 793, 795, 796, 797, 799, 800, 801, 802, 804, 805, 806, 807, 808, 809, 810, 811, 813, 814, 815, 819, 821, 822, 823], "excluded_lines": [], "start_line": 773}, "ClusterSet.delete_snapshots": {"executed_lines": [], "summary": {"covered_lines": 0, "num_statements": 7, "percent_covered": 0.0, "percent_covered_display": "0", "missing_lines": 7, "excluded_lines": 0, "percent_statements_covered": 0.0, "percent_statements_covered_display": "0"}, "missing_lines": [840, 841, 843, 844, 845, 846, 849], "excluded_lines": [], "start_line": 831}, "ClusterSet.tag_snapshots": {"executed_lines": [], "summary": {"covered_lines": 0, "num_statements": 4, "percent_covered": 0.0, "percent_covered_display": "0", "missing_lines": 4, "excluded_lines": 0, "percent_statements_covered": 0.0, "percent_statements_covered_display": "0"}, "missing_lines": [852, 853, 854, 855], "excluded_lines": [], "start_line": 851}, "ClusterSet.untag_snapshots": {"executed_lines": [], "summary": {"covered_lines": 0, "num_statements": 6, "percent_covered": 0.0, "percent_covered_display": "0", "missing_lines": 6, "excluded_lines": 0, "percent_statements_covered": 0.0, "percent_statements_covered_display": "0"}, "missing_lines": [858, 859, 860, 861, 862, 865], "excluded_lines": [], "start_line": 857}, "ClusterSet.get_subnet": {"executed_lines": [], "summary": {"covered_lines": 0, "num_statements": 8, "percent_covered": 0.0, "percent_covered_display": "0", "missing_lines": 8, "excluded_lines": 0, "percent_statements_covered": 0.0, "percent_statements_covered_display": "0"}, "missing_lines": [876, 877, 878, 879, 880, 882, 883, 884], "excluded_lines": [], "start_line": 867}, "ClusterSet.tag_subnet": {"executed_lines": [], "summary": {"covered_lines": 0, "num_statements": 3, "percent_covered": 0.0, "percent_covered_display": "0", "missing_lines": 3, "excluded_lines": 0, "percent_statements_covered": 0.0, "percent_statements_covered_display": "0"}, "missing_lines": [887, 888, 889], "excluded_lines": [], "start_line": 886}, "ClusterSet.untag_subnet": {"executed_lines": [], "summary": {"covered_lines": 0, "num_statements": 3, "percent_covered": 0.0, "percent_covered_display": "0", "missing_lines": 3, "excluded_lines": 0, "percent_statements_covered": 0.0, "percent_statements_covered_display": "0"}, "missing_lines": [892, 893, 894], "excluded_lines": [], "start_line": 891}, "ClusterSet._filter_instances_by_name_regex": {"executed_lines": [906, 907, 909, 910, 911, 912, 914, 915, 916, 917, 918, 919, 920, 921, 923, 924, 926], "summary": {"covered_lines": 17, "num_statements": 17, "percent_covered": 100.0, "percent_covered_display": "100", "missing_lines": 0, "excluded_lines": 0, "percent_statements_covered": 100.0, "percent_statements_covered_display": "100"}, "missing_lines": [], "excluded_lines": [], "start_line": 896}, "ClusterSet.stop_instances_targeted": {"executed_lines": [], "summary": {"covered_lines": 0, "num_statements": 11, "percent_covered": 0.0, "percent_covered_display": "0", "missing_lines": 11, "excluded_lines": 0, "percent_statements_covered": 0.0, "percent_statements_covered_display": "0"}, "missing_lines": [937, 938, 939, 941, 942, 945, 946, 947, 948, 950, 951], "excluded_lines": [], "start_line": 928}, "ClusterSet.start_instances_targeted": {"executed_lines": [], "summary": {"covered_lines": 0, "num_statements": 11, "percent_covered": 0.0, "percent_covered_display": "0", "missing_lines": 11, "excluded_lines": 0, "percent_statements_covered": 0.0, "percent_statements_covered_display": "0"}, "missing_lines": [962, 963, 964, 966, 967, 970, 971, 972, 973, 975, 976], "excluded_lines": [], "start_line": 953}, "ClusterSet.detach_volumes_targeted": {"executed_lines": [], "summary": {"covered_lines": 0, "num_statements": 19, "percent_covered": 0.0, "percent_covered_display": "0", "missing_lines": 19, "excluded_lines": 0, "percent_statements_covered": 0.0, "percent_statements_covered_display": "0"}, "missing_lines": [987, 988, 989, 991, 992, 993, 996, 998, 999, 1000, 1001, 1002, 1003, 1004, 1005, 1006, 1008, 1009, 1010], "excluded_lines": [], "start_line": 978}, "ClusterSet.delete_volumes_targeted": {"executed_lines": [], "summary": {"covered_lines": 0, "num_statements": 26, "percent_covered": 0.0, "percent_covered_display": "0", "missing_lines": 26, "excluded_lines": 0, "percent_statements_covered": 0.0, "percent_statements_covered_display": "0"}, "missing_lines": [1021, 1023, 1024, 1026, 1027, 1028, 1029, 1030, 1031, 1032, 1034, 1035, 1036, 1037, 1038, 1039, 1040, 1042, 1043, 1045, 1046, 1047, 1048, 1049, 1051, 1052], "excluded_lines": [], "start_line": 1012}, "ClusterSet.create_volumes_targeted": {"executed_lines": [], "summary": {"covered_lines": 0, "num_statements": 43, "percent_covered": 0.0, "percent_covered_display": "0", "missing_lines": 43, "excluded_lines": 0, "percent_statements_covered": 0.0, "percent_statements_covered_display": "0"}, "missing_lines": [1064, 1067, 1068, 1069, 1070, 1072, 1075, 1076, 1077, 1080, 1082, 1083, 1084, 1085, 1086, 1088, 1089, 1090, 1093, 1094, 1095, 1096, 1097, 1098, 1099, 1102, 1103, 1108, 1110, 1111, 1112, 1113, 1114, 1115, 1116, 1117, 1119, 1120, 1126, 1129, 1130, 1131, 1132], "excluded_lines": [], "start_line": 1054}, "ClusterSet.attach_volumes_targeted": {"executed_lines": [], "summary": {"covered_lines": 0, "num_statements": 23, "percent_covered": 0.0, "percent_covered_display": "0", "missing_lines": 23, "excluded_lines": 0, "percent_statements_covered": 0.0, "percent_statements_covered_display": "0"}, "missing_lines": [1144, 1145, 1146, 1148, 1149, 1150, 1152, 1156, 1157, 1158, 1159, 1160, 1161, 1162, 1163, 1165, 1166, 1167, 1168, 1170, 1171, 1174, 1175], "excluded_lines": [], "start_line": 1134}, "": {"executed_lines": [44, 46, 47, 48, 49, 50, 52, 54, 55, 58, 77, 147, 148, 154, 158, 166, 174, 208, 239, 267, 285, 314, 331, 359, 391, 414, 424, 434, 457, 485, 512, 557, 613, 642, 671, 699, 705, 715, 736, 750, 773, 831, 851, 857, 867, 886, 891, 896, 928, 953, 978, 1012, 1054, 1134], "summary": {"covered_lines": 54, "num_statements": 54, "percent_covered": 100.0, "percent_covered_display": "100", "missing_lines": 0, "excluded_lines": 0, "percent_statements_covered": 100.0, "percent_statements_covered_display": "100"}, "missing_lines": [], "excluded_lines": [], "start_line": 1}}, "classes": {"ClusterSet": {"executed_lines": [113, 116, 120, 122, 127, 132, 133, 134, 137, 138, 139, 141, 144, 145, 150, 151, 152, 156, 197, 198, 200, 204, 205, 206, 217, 218, 220, 224, 225, 226, 227, 230, 232, 233, 234, 235, 237, 248, 249, 251, 255, 256, 257, 258, 260, 261, 262, 263, 265, 277, 278, 280, 281, 282, 283, 295, 296, 298, 299, 300, 301, 302, 305, 307, 308, 309, 310, 312, 323, 324, 326, 327, 328, 329, 340, 341, 343, 344, 345, 346, 347, 350, 352, 353, 354, 355, 357, 906, 907, 909, 910, 911, 912, 914, 915, 916, 917, 918, 919, 920, 921, 923, 924, 926], "summary": {"covered_lines": 104, "num_statements": 464, "percent_covered": 22.413793103448278, "percent_covered_display": "22", "missing_lines": 360, "excluded_lines": 0, "percent_statements_covered": 22.413793103448278, "percent_statements_covered_display": "22"}, "missing_lines": [160, 161, 168, 169, 377, 378, 379, 380, 383, 384, 385, 386, 388, 389, 400, 401, 402, 403, 406, 407, 408, 409, 411, 412, 419, 420, 421, 422, 427, 428, 429, 430, 431, 432, 443, 444, 452, 453, 454, 455, 466, 467, 481, 482, 483, 494, 495, 500, 506, 507, 508, 509, 510, 521, 522, 526, 535, 536, 537, 538, 539, 540, 541, 542, 544, 545, 546, 547, 548, 551, 554, 555, 566, 567, 569, 570, 572, 573, 576, 577, 578, 579, 580, 583, 584, 588, 590, 591, 592, 593, 594, 595, 596, 597, 599, 600, 606, 608, 609, 610, 611, 622, 629, 630, 631, 633, 634, 635, 636, 637, 639, 640, 651, 658, 659, 660, 662, 663, 664, 665, 666, 668, 669, 680, 682, 684, 685, 686, 687, 688, 689, 690, 691, 692, 693, 695, 696, 697, 700, 701, 702, 703, 706, 707, 708, 709, 710, 713, 726, 727, 728, 740, 741, 742, 746, 747, 748, 759, 760, 763, 765, 767, 768, 769, 770, 771, 782, 786, 787, 788, 789, 791, 792, 793, 795, 796, 797, 799, 800, 801, 802, 804, 805, 806, 807, 808, 809, 810, 811, 813, 814, 815, 819, 821, 822, 823, 840, 841, 843, 844, 845, 846, 849, 852, 853, 854, 855, 858, 859, 860, 861, 862, 865, 876, 877, 878, 879, 880, 882, 883, 884, 887, 888, 889, 892, 893, 894, 937, 938, 939, 941, 942, 945, 946, 947, 948, 950, 951, 962, 963, 964, 966, 967, 970, 971, 972, 973, 975, 976, 987, 988, 989, 991, 992, 993, 996, 998, 999, 1000, 1001, 1002, 1003, 1004, 1005, 1006, 1008, 1009, 1010, 1021, 1023, 1024, 1026, 1027, 1028, 1029, 1030, 1031, 1032, 1034, 1035, 1036, 1037, 1038, 1039, 1040, 1042, 1043, 1045, 1046, 1047, 1048, 1049, 1051, 1052, 1064, 1067, 1068, 1069, 1070, 1072, 1075, 1076, 1077, 1080, 1082, 1083, 1084, 1085, 1086, 1088, 1089, 1090, 1093, 1094, 1095, 1096, 1097, 1098, 1099, 1102, 1103, 1108, 1110, 1111, 1112, 1113, 1114, 1115, 1116, 1117, 1119, 1120, 1126, 1129, 1130, 1131, 1132, 1144, 1145, 1146, 1148, 1149, 1150, 1152, 1156, 1157, 1158, 1159, 1160, 1161, 1162, 1163, 1165, 1166, 1167, 1168, 1170, 1171, 1174, 1175], "excluded_lines": [], "start_line": 58}, "": {"executed_lines": [44, 46, 47, 48, 49, 50, 52, 54, 55, 58, 77, 147, 148, 154, 158, 166, 174, 208, 239, 267, 285, 314, 331, 359, 391, 414, 424, 434, 457, 485, 512, 557, 613, 642, 671, 699, 705, 715, 736, 750, 773, 831, 851, 857, 867, 886, 891, 896, 928, 953, 978, 1012, 1054, 1134], "summary": {"covered_lines": 54, "num_statements": 54, "percent_covered": 100.0, "percent_covered_display": "100", "missing_lines": 0, "excluded_lines": 0, "percent_statements_covered": 100.0, "percent_statements_covered_display": "100"}, "missing_lines": [], "excluded_lines": [], "start_line": 1}}}, "src/tagmania/iac_tools/filterset.py": {"executed_lines": [28, 30, 33, 58, 65, 66, 68, 70, 83, 84, 85, 86, 88, 104, 105, 106, 107, 109, 125], "summary": {"covered_lines": 19, "num_statements": 19, "percent_covered": 100.0, "percent_covered_display": "100", "missing_lines": 0, "excluded_lines": 0, "percent_statements_covered": 100.0, "percent_statements_covered_display": "100"}, "missing_lines": [], "excluded_lines": [], "functions": {"FilterSet.__init__": {"executed_lines": [65, 66, 68], "summary": {"covered_lines": 3, "num_statements": 3, "percent_covered": 100.0, "percent_covered_display": "100", "missing_lines": 0, "excluded_lines": 0, "percent_statements_covered": 100.0, "percent_statements_covered_display": "100"}, "missing_lines": [], "excluded_lines": [], "start_line": 58}, "FilterSet.add": {"executed_lines": [83, 84, 85, 86], "summary": {"covered_lines": 4, "num_statements": 4, "percent_covered": 100.0, "percent_covered_display": "100", "missing_lines": 0, "excluded_lines": 0, "percent_statements_covered": 100.0, "percent_statements_covered_display": "100"}, "missing_lines": [], "excluded_lines": [], "start_line": 70}, "FilterSet.get": {"executed_lines": [104, 105, 106, 107], "summary": {"covered_lines": 4, "num_statements": 4, "percent_covered": 100.0, "percent_covered_display": "100", "missing_lines": 0, "excluded_lines": 0, "percent_statements_covered": 100.0, "percent_statements_covered_display": "100"}, "missing_lines": [], "excluded_lines": [], "start_line": 88}, "FilterSet.to_list": {"executed_lines": [125], "summary": {"covered_lines": 1, "num_statements": 1, "percent_covered": 100.0, "percent_covered_display": "100", "missing_lines": 0, "excluded_lines": 0, "percent_statements_covered": 100.0, "percent_statements_covered_display": "100"}, "missing_lines": [], "excluded_lines": [], "start_line": 109}, "": {"executed_lines": [28, 30, 33, 58, 70, 88, 109], "summary": {"covered_lines": 7, "num_statements": 7, "percent_covered": 100.0, "percent_covered_display": "100", "missing_lines": 0, "excluded_lines": 0, "percent_statements_covered": 100.0, "percent_statements_covered_display": "100"}, "missing_lines": [], "excluded_lines": [], "start_line": 1}}, "classes": {"FilterSet": {"executed_lines": [65, 66, 68, 83, 84, 85, 86, 104, 105, 106, 107, 125], "summary": {"covered_lines": 12, "num_statements": 12, "percent_covered": 100.0, "percent_covered_display": "100", "missing_lines": 0, "excluded_lines": 0, "percent_statements_covered": 100.0, "percent_statements_covered_display": "100"}, "missing_lines": [], "excluded_lines": [], "start_line": 33}, "": {"executed_lines": [28, 30, 33, 58, 70, 88, 109], "summary": {"covered_lines": 7, "num_statements": 7, "percent_covered": 100.0, "percent_covered_display": "100", "missing_lines": 0, "excluded_lines": 0, "percent_statements_covered": 100.0, "percent_statements_covered_display": "100"}, "missing_lines": [], "excluded_lines": [], "start_line": 1}}}, "src/tagmania/iac_tools/tagset.py": {"executed_lines": [28, 30, 33, 61, 68, 69, 71, 73, 86, 87, 89, 105, 106, 107, 108, 110, 126], "summary": {"covered_lines": 17, "num_statements": 17, "percent_covered": 100.0, "percent_covered_display": "100", "missing_lines": 0, "excluded_lines": 0, "percent_statements_covered": 100.0, "percent_statements_covered_display": "100"}, "missing_lines": [], "excluded_lines": [], "functions": {"TagSet.__init__": {"executed_lines": [68, 69, 71], "summary": {"covered_lines": 3, "num_statements": 3, "percent_covered": 100.0, "percent_covered_display": "100", "missing_lines": 0, "excluded_lines": 0, "percent_statements_covered": 100.0, "percent_statements_covered_display": "100"}, "missing_lines": [], "excluded_lines": [], "start_line": 61}, "TagSet.add": {"executed_lines": [86, 87], "summary": {"covered_lines": 2, "num_statements": 2, "percent_covered": 100.0, "percent_covered_display": "100", "missing_lines": 0, "excluded_lines": 0, "percent_statements_covered": 100.0, "percent_statements_covered_display": "100"}, "missing_lines": [], "excluded_lines": [], "start_line": 73}, "TagSet.get": {"executed_lines": [105, 106, 107, 108], "summary": {"covered_lines": 4, "num_statements": 4, "percent_covered": 100.0, "percent_covered_display": "100", "missing_lines": 0, "excluded_lines": 0, "percent_statements_covered": 100.0, "percent_statements_covered_display": "100"}, "missing_lines": [], "excluded_lines": [], "start_line": 89}, "TagSet.to_list": {"executed_lines": [126], "summary": {"covered_lines": 1, "num_statements": 1, "percent_covered": 100.0, "percent_covered_display": "100", "missing_lines": 0, "excluded_lines": 0, "percent_statements_covered": 100.0, "percent_statements_covered_display": "100"}, "missing_lines": [], "excluded_lines": [], "start_line": 110}, "": {"executed_lines": [28, 30, 33, 61, 73, 89, 110], "summary": {"covered_lines": 7, "num_statements": 7, "percent_covered": 100.0, "percent_covered_display": "100", "missing_lines": 0, "excluded_lines": 0, "percent_statements_covered": 100.0, "percent_statements_covered_display": "100"}, "missing_lines": [], "excluded_lines": [], "start_line": 1}}, "classes": {"TagSet": {"executed_lines": [68, 69, 71, 86, 87, 105, 106, 107, 108, 126], "summary": {"covered_lines": 10, "num_statements": 10, "percent_covered": 100.0, "percent_covered_display": "100", "missing_lines": 0, "excluded_lines": 0, "percent_statements_covered": 100.0, "percent_statements_covered_display": "100"}, "missing_lines": [], "excluded_lines": [], "start_line": 33}, "": {"executed_lines": [28, 30, 33, 61, 73, 89, 110], "summary": {"covered_lines": 7, "num_statements": 7, "percent_covered": 100.0, "percent_covered_display": "100", "missing_lines": 0, "excluded_lines": 0, "percent_statements_covered": 100.0, "percent_statements_covered_display": "100"}, "missing_lines": [], "excluded_lines": [], "start_line": 1}}}, "src/tagmania/iac_tools/util.py": {"executed_lines": [24, 25, 26, 28, 31, 32, 46, 68, 87], "summary": {"covered_lines": 9, "num_statements": 18, "percent_covered": 50.0, "percent_covered_display": "50", "missing_lines": 9, "excluded_lines": 0, "percent_statements_covered": 50.0, "percent_statements_covered_display": "50"}, "missing_lines": [43, 64, 65, 82, 83, 84, 101, 102, 103], "excluded_lines": [], "functions": {"_lambda_client": {"executed_lines": [], "summary": {"covered_lines": 0, "num_statements": 1, "percent_covered": 0.0, "percent_covered_display": "0", "missing_lines": 1, "excluded_lines": 0, "percent_statements_covered": 0.0, "percent_statements_covered_display": "0"}, "missing_lines": [43], "excluded_lines": [], "start_line": 32}, "get_lambda_arn": {"executed_lines": [], "summary": {"covered_lines": 0, "num_statements": 2, "percent_covered": 0.0, "percent_covered_display": "0", "missing_lines": 2, "excluded_lines": 0, "percent_statements_covered": 0.0, "percent_statements_covered_display": "0"}, "missing_lines": [64, 65], "excluded_lines": [], "start_line": 46}, "tag_lambda_functions": {"executed_lines": [], "summary": {"covered_lines": 0, "num_statements": 3, "percent_covered": 0.0, "percent_covered_display": "0", "missing_lines": 3, "excluded_lines": 0, "percent_statements_covered": 0.0, "percent_statements_covered_display": "0"}, "missing_lines": [82, 83, 84], "excluded_lines": [], "start_line": 68}, "untag_lambda_functions": {"executed_lines": [], "summary": {"covered_lines": 0, "num_statements": 3, "percent_covered": 0.0, "percent_covered_display": "0", "missing_lines": 3, "excluded_lines": 0, "percent_statements_covered": 0.0, "percent_statements_covered_display": "0"}, "missing_lines": [101, 102, 103], "excluded_lines": [], "start_line": 87}, "": {"executed_lines": [24, 25, 26, 28, 31, 32, 46, 68, 87], "summary": {"covered_lines": 9, "num_statements": 9, "percent_covered": 100.0, "percent_covered_display": "100", "missing_lines": 0, "excluded_lines": 0, "percent_statements_covered": 100.0, "percent_statements_covered_display": "100"}, "missing_lines": [], "excluded_lines": [], "start_line": 1}}, "classes": {"": {"executed_lines": [24, 25, 26, 28, 31, 32, 46, 68, 87], "summary": {"covered_lines": 9, "num_statements": 18, "percent_covered": 50.0, "percent_covered_display": "50", "missing_lines": 9, "excluded_lines": 0, "percent_statements_covered": 50.0, "percent_statements_covered_display": "50"}, "missing_lines": [43, 64, 65, 82, 83, 84, 101, 102, 103], "excluded_lines": [], "start_line": 1}}}, "src/tagmania/snapshot_manager.py": {"executed_lines": [44, 45, 47, 50, 64, 72, 73, 82, 91, 100, 109, 110, 117, 124, 125, 127, 129, 130, 131, 132, 133, 134, 135, 136, 139, 140, 143, 145, 147, 148, 149, 150, 152, 153, 154, 155, 156, 157, 158, 159, 161, 163, 165, 166, 169, 170, 172, 175, 176, 178, 179, 183, 186, 187, 188, 189, 190, 191, 192, 193, 195, 198, 199, 201, 203, 204, 206, 207, 210, 212, 213, 214, 215, 218, 219, 220, 221, 222, 223, 226, 228, 229, 231, 232, 235, 237, 239, 240, 241, 242, 245, 246, 247, 248, 249, 250, 251, 252, 253, 257, 258, 259, 260, 261, 263, 264, 265, 266, 269], "summary": {"covered_lines": 109, "num_statements": 111, "percent_covered": 98.1981981981982, "percent_covered_display": "98", "missing_lines": 2, "excluded_lines": 0, "percent_statements_covered": 98.1981981981982, "percent_statements_covered_display": "98"}, "missing_lines": [254, 270], "excluded_lines": [], "functions": {"main": {"executed_lines": [64, 72, 73, 82, 91, 100, 109, 110, 117, 124, 125, 127, 129, 130, 131, 132, 133, 134, 135, 136, 139, 140, 143, 145, 147, 148, 149, 150, 152, 153, 154, 155, 156, 157, 158, 159, 161, 163, 165, 166, 169, 170, 172, 175, 176, 178, 179, 183, 186, 187, 188, 189, 190, 191, 192, 193, 195, 198, 199, 201, 203, 204, 206, 207, 210, 212, 213, 214, 215, 218, 219, 220, 221, 222, 223, 226, 228, 229, 231, 232, 235, 237, 239, 240, 241, 242, 245, 246, 247, 248, 249, 250, 251, 252, 253, 257, 258, 259, 260, 261, 263, 264, 265, 266], "summary": {"covered_lines": 104, "num_statements": 105, "percent_covered": 99.04761904761905, "percent_covered_display": "99", "missing_lines": 1, "excluded_lines": 0, "percent_statements_covered": 99.04761904761905, "percent_statements_covered_display": "99"}, "missing_lines": [254], "excluded_lines": [], "start_line": 50}, "": {"executed_lines": [44, 45, 47, 50, 269], "summary": {"covered_lines": 5, "num_statements": 6, "percent_covered": 83.33333333333333, "percent_covered_display": "83", "missing_lines": 1, "excluded_lines": 0, "percent_statements_covered": 83.33333333333333, "percent_statements_covered_display": "83"}, "missing_lines": [270], "excluded_lines": [], "start_line": 1}}, "classes": {"": {"executed_lines": [44, 45, 47, 50, 64, 72, 73, 82, 91, 100, 109, 110, 117, 124, 125, 127, 129, 130, 131, 132, 133, 134, 135, 136, 139, 140, 143, 145, 147, 148, 149, 150, 152, 153, 154, 155, 156, 157, 158, 159, 161, 163, 165, 166, 169, 170, 172, 175, 176, 178, 179, 183, 186, 187, 188, 189, 190, 191, 192, 193, 195, 198, 199, 201, 203, 204, 206, 207, 210, 212, 213, 214, 215, 218, 219, 220, 221, 222, 223, 226, 228, 229, 231, 232, 235, 237, 239, 240, 241, 242, 245, 246, 247, 248, 249, 250, 251, 252, 253, 257, 258, 259, 260, 261, 263, 264, 265, 266, 269], "summary": {"covered_lines": 109, "num_statements": 111, "percent_covered": 98.1981981981982, "percent_covered_display": "98", "missing_lines": 2, "excluded_lines": 0, "percent_statements_covered": 98.1981981981982, "percent_statements_covered_display": "98"}, "missing_lines": [254, 270], "excluded_lines": [], "start_line": 1}}}, "src/tagmania/start_cluster.py": {"executed_lines": [32, 34, 37, 52, 58, 64, 65, 67, 68, 69, 72], "summary": {"covered_lines": 11, "num_statements": 12, "percent_covered": 91.66666666666667, "percent_covered_display": "92", "missing_lines": 1, "excluded_lines": 0, "percent_statements_covered": 91.66666666666667, "percent_statements_covered_display": "92"}, "missing_lines": [73], "excluded_lines": [], "functions": {"main": {"executed_lines": [52, 58, 64, 65, 67, 68, 69], "summary": {"covered_lines": 7, "num_statements": 7, "percent_covered": 100.0, "percent_covered_display": "100", "missing_lines": 0, "excluded_lines": 0, "percent_statements_covered": 100.0, "percent_statements_covered_display": "100"}, "missing_lines": [], "excluded_lines": [], "start_line": 37}, "": {"executed_lines": [32, 34, 37, 72], "summary": {"covered_lines": 4, "num_statements": 5, "percent_covered": 80.0, "percent_covered_display": "80", "missing_lines": 1, "excluded_lines": 0, "percent_statements_covered": 80.0, "percent_statements_covered_display": "80"}, "missing_lines": [73], "excluded_lines": [], "start_line": 1}}, "classes": {"": {"executed_lines": [32, 34, 37, 52, 58, 64, 65, 67, 68, 69, 72], "summary": {"covered_lines": 11, "num_statements": 12, "percent_covered": 91.66666666666667, "percent_covered_display": "92", "missing_lines": 1, "excluded_lines": 0, "percent_statements_covered": 91.66666666666667, "percent_statements_covered_display": "92"}, "missing_lines": [73], "excluded_lines": [], "start_line": 1}}}, "src/tagmania/stop_cluster.py": {"executed_lines": [36, 38, 41, 56, 62, 68, 69, 71, 72, 73, 76], "summary": {"covered_lines": 11, "num_statements": 12, "percent_covered": 91.66666666666667, "percent_covered_display": "92", "missing_lines": 1, "excluded_lines": 0, "percent_statements_covered": 91.66666666666667, "percent_statements_covered_display": "92"}, "missing_lines": [77], "excluded_lines": [], "functions": {"main": {"executed_lines": [56, 62, 68, 69, 71, 72, 73], "summary": {"covered_lines": 7, "num_statements": 7, "percent_covered": 100.0, "percent_covered_display": "100", "missing_lines": 0, "excluded_lines": 0, "percent_statements_covered": 100.0, "percent_statements_covered_display": "100"}, "missing_lines": [], "excluded_lines": [], "start_line": 41}, "": {"executed_lines": [36, 38, 41, 76], "summary": {"covered_lines": 4, "num_statements": 5, "percent_covered": 80.0, "percent_covered_display": "80", "missing_lines": 1, "excluded_lines": 0, "percent_statements_covered": 80.0, "percent_statements_covered_display": "80"}, "missing_lines": [77], "excluded_lines": [], "start_line": 1}}, "classes": {"": {"executed_lines": [36, 38, 41, 56, 62, 68, 69, 71, 72, 73, 76], "summary": {"covered_lines": 11, "num_statements": 12, "percent_covered": 91.66666666666667, "percent_covered_display": "92", "missing_lines": 1, "excluded_lines": 0, "percent_statements_covered": 91.66666666666667, "percent_statements_covered_display": "92"}, "missing_lines": [77], "excluded_lines": [], "start_line": 1}}}, "src/tagmania/tag_manager.py": {"executed_lines": [37, 39, 40, 43, 57, 68, 78, 88, 96, 97, 99, 102, 103, 104, 105, 106, 109, 110, 111, 115, 116, 118, 119, 120, 121, 122, 123, 126, 127, 128, 129, 132, 133, 134, 138, 139, 141, 142, 143, 144, 145, 148], "summary": {"covered_lines": 42, "num_statements": 43, "percent_covered": 97.67441860465117, "percent_covered_display": "98", "missing_lines": 1, "excluded_lines": 0, "percent_statements_covered": 97.67441860465117, "percent_statements_covered_display": "98"}, "missing_lines": [149], "excluded_lines": [], "functions": {"main": {"executed_lines": [57, 68, 78, 88, 96, 97, 99, 102, 103, 104, 105, 106, 109, 110, 111, 115, 116, 118, 119, 120, 121, 122, 123, 126, 127, 128, 129, 132, 133, 134, 138, 139, 141, 142, 143, 144, 145], "summary": {"covered_lines": 37, "num_statements": 37, "percent_covered": 100.0, "percent_covered_display": "100", "missing_lines": 0, "excluded_lines": 0, "percent_statements_covered": 100.0, "percent_statements_covered_display": "100"}, "missing_lines": [], "excluded_lines": [], "start_line": 43}, "": {"executed_lines": [37, 39, 40, 43, 148], "summary": {"covered_lines": 5, "num_statements": 6, "percent_covered": 83.33333333333333, "percent_covered_display": "83", "missing_lines": 1, "excluded_lines": 0, "percent_statements_covered": 83.33333333333333, "percent_statements_covered_display": "83"}, "missing_lines": [149], "excluded_lines": [], "start_line": 1}}, "classes": {"": {"executed_lines": [37, 39, 40, 43, 57, 68, 78, 88, 96, 97, 99, 102, 103, 104, 105, 106, 109, 110, 111, 115, 116, 118, 119, 120, 121, 122, 123, 126, 127, 128, 129, 132, 133, 134, 138, 139, 141, 142, 143, 144, 145, 148], "summary": {"covered_lines": 42, "num_statements": 43, "percent_covered": 97.67441860465117, "percent_covered_display": "98", "missing_lines": 1, "excluded_lines": 0, "percent_statements_covered": 97.67441860465117, "percent_statements_covered_display": "98"}, "missing_lines": [149], "excluded_lines": [], "start_line": 1}}}}, "totals": {"covered_lines": 427, "num_statements": 815, "percent_covered": 52.392638036809814, "percent_covered_display": "52", "missing_lines": 388, "excluded_lines": 0, "percent_statements_covered": 52.392638036809814, "percent_statements_covered_display": "52"}}